This file contains any messages produced by compilers while
running configure, to aid debugging if configure makes a mistake.

It was created by configure, which was
generated by GNU Autoconf 2.68.  Invocation command line was

  $ ./configure --with-lisp=acl --no-create --no-recursion

## --------- ##
## Platform. ##
## --------- ##

hostname = Chaos-Air.local
uname -m = i386
uname -r = 10.7.0
uname -s = Darwin
uname -v = Darwin Kernel Version 10.7.0: Sat Jan 29 15:17:16 PST 2011; root:xnu-1504.9.37~1/RELEASE_I386

/usr/bin/uname -p = i386
/bin/uname -X     = unknown

/bin/arch              = unknown
/usr/bin/arch -k       = unknown
/usr/convex/getsysinfo = unknown
/usr/bin/hostinfo      = Mach kernel version:
	 Darwin Kernel Version 10.7.0: Sat Jan 29 15:17:16 PST 2011; root:xnu-1504.9.37~1/RELEASE_I386
Kernel configured for up to 2 processors.
2 processors are physically available.
2 processors are logically available.
Processor type: i486 (Intel 80486)
Processors active: 0 1
Primary memory available: 4.00 gigabytes
Default processor set: 88 tasks, 349 threads, 2 processors
Load average: 0.89, Mach factor: 1.10
/bin/machine           = unknown
/usr/bin/oslevel       = unknown
/bin/universe          = unknown

PATH: /Users/sawada/bin
PATH: /usr/texbin
PATH: /opt/local/bin
PATH: /usr/X11R6/bin
PATH: /usr/local/bin
PATH: /usr/local/acl/acl82
PATH: /sbin
PATH: /usr/sbin
PATH: /usr/bin
PATH: /bin
PATH: /usr/sbin
PATH: /sbin


## ----------- ##
## Core tests. ##
## ----------- ##

configure:1741: checking for a BSD-compatible install
configure:1809: result: /usr/bin/install -c
configure:1822: checking for gcl
configure:1853: result: no
configure:1863: checking for lisp
configure:1894: result: no
configure:1904: checking for cl
configure:1935: result: no
configure:1945: checking for clisp
configure:1963: found /opt/local/bin/clisp
configure:1976: result: /opt/local/bin/clisp
configure:1986: checking for alisp
configure:2004: found /usr/local/acl/acl82/alisp
configure:2017: result: /usr/local/acl/acl82/alisp
configure:2027: checking for alisp
configure:2045: found /usr/local/acl/acl82/alisp
configure:2058: result: /usr/local/acl/acl82/alisp
configure:2068: checking for alisp
configure:2086: found /usr/local/acl/acl82/alisp
configure:2099: result: /usr/local/acl/acl82/alisp
configure:2109: checking for openmcl
configure:2140: result: no
configure:2148: checking whether make sets $(MAKE)
configure:2170: result: yes
configure:2402: creating ./config.status

## ---------------- ##
## Cache variables. ##
## ---------------- ##

ac_cv_env_build_alias_set=
ac_cv_env_build_alias_value=
ac_cv_env_host_alias_set=
ac_cv_env_host_alias_value=
ac_cv_env_target_alias_set=
ac_cv_env_target_alias_value=
ac_cv_path_acl6_path=/usr/local/acl/acl82/alisp
ac_cv_path_acl7_path=/usr/local/acl/acl82/alisp
ac_cv_path_acl8_path=/usr/local/acl/acl82/alisp
ac_cv_path_acl_path=no
ac_cv_path_clisp_path=/opt/local/bin/clisp
ac_cv_path_cmu_path=no
ac_cv_path_gcl_path=no
ac_cv_path_install='/usr/bin/install -c'
ac_cv_path_openmcl_path=no
ac_cv_prog_make_make_set=yes

## ----------------- ##
## Output variables. ##
## ----------------- ##

DEFS='-DPACKAGE_NAME=\"\" -DPACKAGE_TARNAME=\"\" -DPACKAGE_VERSION=\"\" -DPACKAGE_STRING=\"\" -DPACKAGE_BUGREPORT=\"\" -DPACKAGE_URL=\"\"'
ECHO_C='\c'
ECHO_N=''
ECHO_T=''
INSTALL_DATA='${INSTALL} -m 644'
INSTALL_PROGRAM='${INSTALL}'
INSTALL_SCRIPT='${INSTALL}'
LIBOBJS=''
LIBS=''
LTLIBOBJS=''
PACKAGE='cafeobj'
PACKAGE_BUGREPORT=''
PACKAGE_NAME=''
PACKAGE_STRING=''
PACKAGE_TARNAME=''
PACKAGE_URL=''
PACKAGE_VERSION=''
PATCHLEVEL='33'
PATH_SEPARATOR=':'
SET_MAKE=''
SHELL='/bin/sh'
VERSION='1.4'
VMEMO='PigNose0.99'
VMINOR='.8'
acl6_path='/usr/local/acl/acl82/alisp'
acl7_path='/usr/local/acl/acl82/alisp'
acl8_path='/usr/local/acl/acl82/alisp'
acl_path='no'
bin_suffix='.fasl'
bindir='${exec_prefix}/bin'
build_alias=''
clisp_path='/opt/local/bin/clisp'
cmu_path='no'
datadir='${datarootdir}'
datarootdir='${prefix}/share'
docdir='${datarootdir}/doc/${PACKAGE}'
dvidir='${docdir}'
exec_bin='cafeobj.acl'
exec_command='cafeobj.acl.in'
exec_prefix='${prefix}'
gcl_path='no'
host_alias=''
htmldir='${docdir}'
includedir='${prefix}/include'
infodir='${datarootdir}/info'
libdir='${exec_prefix}/lib'
libexecdir='${exec_prefix}/libexec'
lisp='no'
localedir='${datarootdir}/locale'
localstatedir='${prefix}/var'
mandir='${datarootdir}/man'
oldincludedir='/usr/include'
openmcl_path='no'
pdfdir='${docdir}'
prefix='/usr/local'
program_transform_name='s,x,x,'
psdir='${docdir}'
sbindir='${exec_prefix}/sbin'
sharedstatedir='${prefix}/com'
sysconfdir='${prefix}/etc'
target_alias=''

## ----------- ##
## confdefs.h. ##
## ----------- ##

/* confdefs.h */
#define PACKAGE_NAME ""
#define PACKAGE_TARNAME ""
#define PACKAGE_VERSION ""
#define PACKAGE_STRING ""
#define PACKAGE_BUGREPORT ""
#define PACKAGE_URL ""

configure: exit 0

## ---------------------- ##
## Running config.status. ##
## ---------------------- ##

This file was extended by config.status, which was
generated by GNU Autoconf 2.68.  Invocation command line was

  CONFIG_FILES    = Makefile
  CONFIG_HEADERS  = 
  CONFIG_LINKS    = 
  CONFIG_COMMANDS = 
  $ ./config.status 

on Chaos-Air.local

config.status:745: creating Makefile
config.status:848: WARNING:  'Makefile.in' seems to ignore the --datarootdir setting
