This is XeTeX, Version 3.1415926-2.2-0.9997.4 (TeX Live 2010) (format=xelatex 2011.2.6)  7 FEB 2011 17:46
entering extended mode
 restricted \write18 enabled.
 file:line:error style messages enabled.
 %&-line parsing enabled.
**pnguide.tex
(./pnguide.tex
LaTeX2e <2009/09/24>
Babel <v3.8l> and hyphenation patterns for english, dumylang, nohyphenation, ge
rman-x-2009-06-19, ngerman-x-2009-06-19, afrikaans, ancientgreek, ibycus, arabi
c, armenian, basque, bulgarian, catalan, pinyin, coptic, croatian, czech, danis
h, dutch, ukenglish, usenglishmax, esperanto, estonian, ethiopic, farsi, finnis
h, french, galician, german, ngerman, swissgerman, monogreek, greek, hungarian,
 icelandic, assamese, bengali, gujarati, hindi, kannada, malayalam, marathi, or
iya, panjabi, tamil, telugu, indonesian, interlingua, irish, italian, kurmanji,
 lao, latin, latvian, lithuanian, mongolian, mongolianlmc, bokmal, nynorsk, pol
ish, portuguese, romanian, russian, sanskrit, serbian, slovak, slovenian, spani
sh, swedish, turkish, turkmen, ukrainian, uppersorbian, welsh, loaded.
(/usr/local/texlive/2010/texmf-dist/tex/latex/memoir/memoir.cls
Document Class: memoir 2010/09/19 v3.6g configurable book, report, article docu
ment class
\onelineskip=\skip41
\lxvchars=\skip42
\xlvchars=\skip43
\@memcnta=\count80
\c@@memmarkcntra=\count81
(/usr/local/texlive/2010/texmf-dist/tex/generic/oberdiek/ifpdf.sty
Package: ifpdf 2010/01/28 v2.1 Provides the ifpdf switch (HO)
Package ifpdf Info: pdfTeX in pdf mode not detected.
)
Class memoir Info: An `ifetex' package is being emulated on input line 251.

(/usr/local/texlive/2010/texmf-dist/tex/generic/ifxetex/ifxetex.sty
Package: ifxetex 2010/09/12 v0.6 Provides ifxetex conditional
)
(/usr/local/texlive/2010/texmf-dist/tex/generic/oberdiek/ifluatex.sty
Package: ifluatex 2010/03/01 v1.3 Provides the ifluatex switch (HO)
Package ifluatex Info: LuaTeX not detected.
)
\stockheight=\skip44
\stockwidth=\skip45
\trimtop=\skip46
\trimedge=\skip47

(/usr/local/texlive/2010/texmf-dist/tex/latex/etex-pkg/etex.sty
Package: etex 1998/03/26 v2.0 eTeX basic definition package (PEB)
\et@xins=\count82
)
(/usr/local/texlive/2010/texmf-dist/tex/latex/memoir/mem10.clo
File: mem10.clo 2008/01/30 v0.3 memoir class 10pt size option
)
\binding=\skip48
\spinemargin=\skip49
\foremargin=\skip50
\uppermargin=\skip51
\lowermargin=\skip52
\headdrop=\skip53
\normalrulethickness=\skip54
\headwidth=\skip55
\c@storedpagenumber=\count83
\memPD=\dimen102
\m@mabparskip=\skip56
\thanksmarkwidth=\skip57
\thanksmarksep=\skip58
\droptitle=\skip59
\c@book=\count84
\c@part=\count85
\c@chapter=\count86
\c@section=\count87
\c@subsection=\count88
\c@subsubsection=\count89
\c@paragraph=\count90
\c@subparagraph=\count91
\beforechapskip=\skip60
\midchapskip=\skip61
\afterchapskip=\skip62
\chapindent=\skip63
\bottomsectionskip=\skip64
\secindent=\skip65
\beforesecskip=\skip66
\aftersecskip=\skip67
\subsecindent=\skip68
\beforesubsecskip=\skip69
\aftersubsecskip=\skip70
\subsubsecindent=\skip71
\beforesubsubsecskip=\skip72
\aftersubsubsecskip=\skip73
\paraindent=\skip74
\beforeparaskip=\skip75
\afterparaskip=\skip76
\subparaindent=\skip77
\beforesubparaskip=\skip78
\aftersubparaskip=\skip79
\pfbreakskip=\skip80
\c@@ppsavesec=\count92
\c@@ppsaveapp=\count93
\ragrparindent=\dimen103
\everylistparindent=\dimen104
\parsepi=\skip81
\topsepi=\skip82
\itemsepi=\skip83
\parsepii=\skip84
\topsepii=\skip85
\topsepiii=\skip86
\itemsepii=\skip87
\itemsepiii=\skip88
\partopsepii=\skip89
\partopsepiii=\skip90
\m@msavetopsep=\skip91
\m@msavepartopsep=\skip92
\@enLab=\toks14
\abstitleskip=\skip93
\absleftindent=\skip94
\abs@leftindent=\dimen105
\absrightindent=\skip95
\absparindent=\skip96
\absparsep=\skip97
\c@vslineno=\count94
\c@poemline=\count95
\c@modulo@vs=\count96
\c@memfvsline=\count97
\vleftskip=\skip98
\vrightskip=\skip99
\stanzaskip=\skip100
\versewidth=\skip101
\vgap=\skip102
\vindent=\skip103
\vleftmargin=\dimen106
\c@verse=\count98
\c@chrsinstr=\count99
\beforepoemtitleskip=\skip104
\afterpoemtitleskip=\skip105
\c@poem=\count100
\beforePoemTitleskip=\skip106
\midPoemTitleskip=\skip107
\afterPoemTitleskip=\skip108
\col@sep=\dimen107
\extrarowheight=\dimen108
\NC@list=\toks15
\extratabsurround=\skip109
\backup@length=\skip110
\TX@col@width=\dimen109
\TX@old@table=\dimen110
\TX@old@col=\dimen111
\TX@target=\dimen112
\TX@delta=\dimen113
\TX@cols=\count101
\TX@ftn=\toks16
\heavyrulewidth=\dimen114
\lightrulewidth=\dimen115
\cmidrulewidth=\dimen116
\belowrulesep=\dimen117
\belowbottomsep=\dimen118
\aboverulesep=\dimen119
\abovetopsep=\dimen120
\cmidrulesep=\dimen121
\cmidrulekern=\dimen122
\defaultaddspace=\dimen123
\@cmidla=\count102
\@cmidlb=\count103
\@aboverulesep=\dimen124
\@belowrulesep=\dimen125
\@thisruleclass=\count104
\@lastruleclass=\count105
\@thisrulewidth=\dimen126
\ctableftskip=\skip111
\ctabrightskip=\skip112
\abovecolumnspenalty=\count106
\@linestogo=\count107
\@cellstogo=\count108
\@cellsincolumn=\count109
\crtok=\toks17
\@mincolumnwidth=\dimen127
\c@newflo@tctr=\count110
\@contcwidth=\skip113
\@contindw=\skip114
\abovecaptionskip=\skip115
\belowcaptionskip=\skip116
\subfloattopskip=\skip117
\subfloatcapskip=\skip118
\subfloatcaptopadj=\skip119
\subfloatbottomskip=\skip120
\subfloatlabelskip=\skip121
\subfloatcapmargin=\dimen128
\c@@contsubnum=\count111
\m@mscap@capbox=\box26
\m@mscap@fbox=\box27
\sidecapsep=\dimen129
\sidecapwidth=\dimen130
\m@m@tempdima=\dimen131
\m@mscapraise=\dimen132
\sidecapraise=\dimen133
\m@mscapmainwidth=\dimen134
\m@mscaplkern=\dimen135
\beforeepigraphskip=\skip122
\afterepigraphskip=\skip123
\epigraphwidth=\skip124
\epigraphrule=\skip125
LaTeX Info: Redefining \em on input line 7217.
LaTeX Info: Redefining \emph on input line 7225.
\tocentryskip=\skip126
\tocbaseline=\skip127
\cftparskip=\skip128
\cftbeforebookskip=\skip129
\cftbookindent=\dimen136
\cftbooknumwidth=\dimen137
\cftbeforepartskip=\skip130
\cftpartindent=\skip131
\cftpartnumwidth=\skip132
\cftbeforechapterskip=\skip133
\cftchapterindent=\skip134
\cftchapternumwidth=\skip135
\cftbeforesectionskip=\skip136
\cftsectionindent=\skip137
\cftsectionnumwidth=\skip138
\cftbeforesubsectionskip=\skip139
\cftsubsectionindent=\skip140
\cftsubsectionnumwidth=\skip141
\cftbeforesubsubsectionskip=\skip142
\cftsubsubsectionindent=\skip143
\cftsubsubsectionnumwidth=\skip144
\cftbeforeparagraphskip=\skip145
\cftparagraphindent=\skip146
\cftparagraphnumwidth=\skip147
\cftbeforesubparagraphskip=\skip148
\cftsubparagraphindent=\skip149
\cftsubparagraphnumwidth=\skip150
\prechapterprecisshift=\dimen138
\c@maxsecnumdepth=\count112
\bibindent=\dimen139
\bibitemsep=\skip151
\indexcolsep=\skip152
\indexrule=\skip153
\indexmarkstyle=\toks18
\@indexbox=\insert233
\glossarycolsep=\dimen140
\glossaryrule=\dimen141
\sideparvshift=\skip154
\sideins=\insert232
\sidebartopsep=\skip155
\sidebarhsep=\skip156
\sidebarvsep=\skip157
\sidebarwidth=\skip158
\footmarkwidth=\skip159
\footmarksep=\skip160
\footparindent=\skip161
\footinsdim=\skip162
\footinsv@r=\insert231
\@mpfootinsv@r=\insert230
\m@m@k=\count113
\m@m@h=\dimen142
\m@mipn@skip=\skip163
\sidefootins=\insert229
\sidefootadjust=\skip164
\sidefootheight=\skip165
\sidefoothsep=\skip166
\sidefootvsep=\skip167
\sidefootwidth=\skip168
\m@mdownsf=\skip169
\c@sidefootnote=\count114
\sidefootmarkwidth=\skip170
\sidefootmarksep=\skip171
\sidefootparindent=\skip172
\c@pagenote=\count115
\every@verbatim=\toks19
\afterevery@verbatim=\toks20
\verbatim@line=\toks21
\tab@position=\count116
\verbatim@in@stream=\read1
\verbatimindent=\skip173
\verbatim@out=\write3
\bvboxsep=\skip174
\c@memfbvline=\count117
\c@bvlinectr=\count118
\bvnumlength=\skip175
\fb@frw=\dimen143
\fb@frh=\dimen144
\FrameRule=\dimen145
\FrameSep=\dimen146
\c@cp@cntr=\count119
LaTeX Info: Redefining \: on input line 11560.
LaTeX Info: Redefining \! on input line 11562.
\c@ism@mctr=\count120
\c@xsm@mctr=\count121
\c@csm@mctr=\count122
\c@ksm@mctr=\count123
\c@xksm@mctr=\count124
\c@cksm@mctr=\count125
\c@msm@mctr=\count126
\c@xmsm@mctr=\count127
\c@cmsm@mctr=\count128
\c@bsm@mctr=\count129
\c@workm@mctr=\count130
\c@sheetsequence=\count131
\c@lastsheet=\count132
\c@lastpage=\count133
\c@figure=\count134
\c@lofdepth=\count135
\cftbeforefigureskip=\skip176
\cftfigureindent=\skip177
\cftfigurenumwidth=\skip178
\c@table=\count136
\c@lotdepth=\count137
\cftbeforetableskip=\skip179
\cfttableindent=\skip180
\cfttablenumwidth=\skip181
Package abstract [2008/07/23] emulated by memoir.
Package appendix [2008/07/23] emulated by memoir.
Package array [2008/07/23] emulated by memoir.
Package booktabs [2008/07/23] emulated by memoir.
Package ccaption [2008/07/23] emulated by memoir.
Package changepage [2008/07/23] emulated by memoir.
Package chngcntr [2008/07/23] emulated by memoir.
Package chngpage [2008/07/23] emulated by memoir.
Package crop emulated by memoir.
Package dcolumn [2008/07/23] emulated by memoir.
Package delarray [2008/07/23] emulated by memoir.
Package enumerate [2008/07/23] emulated by memoir.
Package epigraph [2008/07/23] emulated by memoir.
Package ifmtarg [2008/07/23] emulated by memoir.
Package ifetex [2008/07/23] emulated by memoir.
Package index [2008/07/23] emulated by memoir.
Package makeidx [2008/07/23] emulated by memoir.
Package moreverb [2008/07/23] emulated by memoir.
Package mparhack [2008/07/23] emulated by memoir.
Package needspace [2008/07/23] emulated by memoir.
Package newfile [2008/07/23] emulated by memoir.
Package nextpage [2008/07/23] emulated by memoir.
Package pagenote [2008/07/23] emulated by memoir.
Package parskip [2008/07/23] emulated by memoir.
Package patchcmd [2008/07/23] emulated by memoir.
Package setspace [2008/07/23] emulated by memoir.
Package shortvrb [2008/07/23] emulated by memoir.
Package showidx [2008/07/23] emulated by memoir.
Package tabularx [2008/07/23] emulated by memoir.
Package titleref [2008/07/23] emulated by memoir.
Package titling [2008/07/23] emulated by memoir.
Package tocbibind [2008/07/23] emulated by memoir.
Package tocloft [2008/07/23] emulated by memoir.
Package tocvsec2 [2008/07/23] emulated by memoir.
Package verbatim [2008/07/23] emulated by memoir.
Package verse [2008/07/23] emulated by memoir.

(/usr/local/texlive/2010/texmf-dist/tex/latex/memoir/mempatch.sty
Package: mempatch 2009/07/24 v6.0f Patches for memoir class v1.6180339
))
(/usr/local/texlive/2010/texmf-dist/tex/latex/geometry/geometry.sty
Package: geometry 2010/09/12 v5.6 Page Geometry

(/usr/local/texlive/2010/texmf-dist/tex/latex/graphics/keyval.sty
Package: keyval 1999/03/16 v1.13 key=value parser (DPC)
\KV@toks@=\toks22
)
(/usr/local/texlive/2010/texmf-dist/tex/generic/oberdiek/ifvtex.sty
Package: ifvtex 2010/03/01 v1.5 Switches for detecting VTeX and its modes (HO)
Package ifvtex Info: VTeX not detected.
)
\Gm@cnth=\count138
\Gm@cntv=\count139
\c@Gm@tempcnt=\count140
\Gm@bindingoffset=\dimen147
\Gm@wd@mp=\dimen148
\Gm@odd@mp=\dimen149
\Gm@even@mp=\dimen150
\Gm@layoutwidth=\dimen151
\Gm@layoutheight=\dimen152
\Gm@layouthoffset=\dimen153
\Gm@layoutvoffset=\dimen154
\Gm@dimlist=\toks23
)
(/usr/local/texlive/2010/texmf-dist/tex/latex/graphics/graphicx.sty
Package: graphicx 1999/02/16 v1.0f Enhanced LaTeX Graphics (DPC,SPQR)

(/usr/local/texlive/2010/texmf-dist/tex/latex/graphics/graphics.sty
Package: graphics 2009/02/05 v1.0o Standard LaTeX Graphics (DPC,SPQR)

(/usr/local/texlive/2010/texmf-dist/tex/latex/graphics/trig.sty
Package: trig 1999/03/16 v1.09 sin cos tan (DPC)
)
(/usr/local/texlive/2010/texmf-dist/tex/latex/latexconfig/graphics.cfg
File: graphics.cfg 2010/04/23 v1.9 graphics configuration of TeX Live
)
Package graphics Info: Driver file: xetex.def on input line 91.

(/usr/local/texlive/2010/texmf-dist/tex/xelatex/xetex-def/xetex.def
File: xetex.def 2009/11/22 v0.94 LaTeX color/graphics driver for XeTeX (RRM/JK)

))
\Gin@req@height=\dimen155
\Gin@req@width=\dimen156
)
(./proof.sty
\inferLineSkip=\dimen157
\inferLabelSkip=\dimen158
\@LeftOffset=\dimen159
\@RightOffset=\dimen160
\@SavedLeftOffset=\dimen161
\UpperWidth=\dimen162
\LowerWidth=\dimen163
\LowerHeight=\dimen164
\UpperLeftOffset=\dimen165
\UpperRightOffset=\dimen166
\UpperCenter=\dimen167
\LowerCenter=\dimen168
\UpperAdjust=\dimen169
\RuleAdjust=\dimen170
\LowerAdjust=\dimen171
\RuleWidth=\dimen172
\HLabelAdjust=\dimen173
\VLabelAdjust=\dimen174
\WidthAdjust=\dimen175
\@UpperPart=\box28
\@LowerPart=\box29
\@LabelPart=\box30
\ResultBox=\box31
)
(/usr/local/texlive/2010/texmf-dist/tex/latex/fancyvrb/fancyvrb.sty
Package: fancyvrb 2008/02/07

Style option: `fancyvrb' v2.7a, with DG/SPQR fixes, and firstline=lastline fix 
<2008/02/07> (tvz)
\FV@CodeLineNo=\count141
\FV@InFile=\read2
\FV@TabBox=\box32
\c@FancyVerbLine=\count142
\FV@StepNumber=\count143
\FV@OutFile=\write4
)
(/usr/local/texlive/2010/texmf-dist/tex/latex/fontspec/fontspec.sty
Package: fontspec 2010/11/17 v2.1e Advanced font selection for XeLaTeX/LuaLaTeX


(/usr/local/texlive/2010/texmf-dist/tex/latex/expl3/expl3.sty
(/usr/local/texlive/2010/texmf-dist/tex/latex/expl3/l3names.sty
Package: l3names 2011/01/08 v2122 L3 Experimental Naming Scheme for TeX Primiti
ves
)
Package: expl3 2010/11/13 v2083 L3 Experimental code bundle wrapper

(/usr/local/texlive/2010/texmf-dist/tex/latex/expl3/l3basics.sty
Package: l3basics 2010/10/03 v2063 L3 Experimental basic definitions
)
(/usr/local/texlive/2010/texmf-dist/tex/latex/expl3/l3expan.sty
Package: l3expan 2010/09/20 v2037 L3 Experimental Argument Expansion module
)
(/usr/local/texlive/2010/texmf-dist/tex/latex/expl3/l3tl.sty
Package: l3tl 2011/01/26 v2138 L3 Experimental Token Lists
)
(/usr/local/texlive/2010/texmf-dist/tex/latex/expl3/l3int.sty
Package: l3int 2011/01/07 v2121 L3 Experimental Integer module
\l_tmpa_int=\count144
\l_tmpb_int=\count145
\l_tmpc_int=\count146
\g_tmpa_int=\count147
\g_tmpb_int=\count148
\c_max_int=\count149
\g_tl_inline_level_int=\count150
)
(/usr/local/texlive/2010/texmf-dist/tex/latex/expl3/l3quark.sty
Package: l3quark 2010/09/20 v2036 L3 Experimental Quark Commands
)
(/usr/local/texlive/2010/texmf-dist/tex/latex/expl3/l3seq.sty
Package: l3seq 2010/03/29 v1879 L3 Experimental sequences and stacks
)
(/usr/local/texlive/2010/texmf-dist/tex/latex/expl3/l3toks.sty
Package: l3toks 2010/09/20 v2037 L3 Experimental Token Registers
\l_tmpb_toks=\toks24
\l_tmpc_toks=\toks25
\g_tmpa_toks=\toks26
\g_tmpb_toks=\toks27
\g_tmpc_toks=\toks28
\c_empty_toks=\toks29
\l_tl_replace_toks=\toks30
)
(/usr/local/texlive/2010/texmf-dist/tex/latex/expl3/l3prg.sty
Package: l3prg 2011/01/07 v2121 L3 Experimental control structures
\g_prg_inline_level_int=\count151
)
(/usr/local/texlive/2010/texmf-dist/tex/latex/expl3/l3clist.sty
Package: l3clist 2010/10/09 v2071 L3 Experimental comma separated lists
\g_clist_map_inline_int=\count152
)
(/usr/local/texlive/2010/texmf-dist/tex/latex/expl3/l3token.sty
Package: l3token 2010/10/03 v2063 L3 Experimental token investigation and manip
ulation
)
(/usr/local/texlive/2010/texmf-dist/tex/latex/expl3/l3prop.sty
Package: l3prop 2010/11/23 v2087 L3 Experimental Property Lists
\g_prop_inline_level_int=\count153
)
(/usr/local/texlive/2010/texmf-dist/tex/latex/expl3/l3msg.sty
Package: l3msg 2010/10/02 v2052 L3 Experimental LaTeX Messages module
\l_msg_redirect_classes_prop=\toks31
\l_msg_redirect_names_prop=\toks32
\l_msg_redirect_fatal_prop=\toks33
\l_msg_redirect_error_prop=\toks34
\l_msg_redirect_warning_prop=\toks35
\l_msg_redirect_info_prop=\toks36
\l_msg_redirect_log_prop=\toks37
\l_msg_redirect_trace_prop=\toks38
\l_msg_redirect_none_prop=\toks39
)
(/usr/local/texlive/2010/texmf-dist/tex/latex/expl3/l3io.sty
Package: l3io 2010/10/03 v2063 L3 Experimental i/o module
\g_iow_streams_prop=\toks40
\g_ior_streams_prop=\toks41
\l_iow_stream_int=\count154
)
(/usr/local/texlive/2010/texmf-dist/tex/latex/expl3/l3skip.sty
Package: l3skip 2011/01/07 v2121 L3 Experimental skip registers
\l_tmpa_skip=\skip182
\l_tmpb_skip=\skip183
\l_tmpc_skip=\skip184
\g_tmpa_skip=\skip185
\g_tmpb_skip=\skip186
\l_tmpa_dim=\dimen176
\l_tmpb_dim=\dimen177
\l_tmpc_dim=\dimen178
\l_tmpd_dim=\dimen179
\g_tmpa_dim=\dimen180
\g_tmpb_dim=\dimen181
)
(/usr/local/texlive/2010/texmf-dist/tex/latex/expl3/l3box.sty
Package: l3box 2010/09/26 v2048 L3 Experimental Box module
\l_tmpb_box=\box33
)
(/usr/local/texlive/2010/texmf-dist/tex/latex/expl3/l3keyval.sty
Package: l3keyval 2010/04/11 v1890 L3 Experimental keyval processing
\l_KV_level_int=\count155
)
(/usr/local/texlive/2010/texmf-dist/tex/latex/expl3/l3keys.sty
Package: l3keys 2010/11/11 v2082 L3 Experimental key-value support
\l_keys_choice_int=\count156
)
(/usr/local/texlive/2010/texmf-dist/tex/latex/expl3/l3precom.sty
Package: l3precom 2010/02/09 v1793 L3 Experimental precompilation module
\g_gen_sym_int=\count157
\g_ggen_sym_int=\count158
)
(/usr/local/texlive/2010/texmf-dist/tex/latex/expl3/l3xref.sty
Package: l3xref 2010/02/09 v1786 L3 Experimental cross referencing
\g_xref_all_curr_immediate_fields_prop=\toks42
\g_xref_all_curr_deferred_fields_prop=\toks43
)
(/usr/local/texlive/2010/texmf-dist/tex/latex/expl3/l3file.sty
Package: l3file 2010/03/21 v1853 L3 Experimental file loading
)
(/usr/local/texlive/2010/texmf-dist/tex/latex/expl3/l3fp.sty
Package: l3fp 2011/01/10 v2129 L3 Experimental floating-point operations
\c_one_million=\count159
\c_one_hundred_million=\count160
\c_five_hundred_million=\count161
\c_one_thousand_million=\count162
\c_fp_pi_by_four_decimal_int=\count163
\c_fp_pi_by_four_extended_int=\count164
\c_fp_pi_decimal_int=\count165
\c_fp_pi_extended_int=\count166
\c_fp_two_pi_decimal_int=\count167
\c_fp_two_pi_extended_int=\count168
\l_fp_count_int=\count169
\l_fp_div_offset_int=\count170
\l_fp_exp_integer_int=\count171
\l_fp_exp_decimal_int=\count172
\l_fp_exp_extended_int=\count173
\l_fp_exp_exponent_int=\count174
\l_fp_input_a_sign_int=\count175
\l_fp_input_a_integer_int=\count176
\l_fp_input_a_decimal_int=\count177
\l_fp_input_a_exponent_int=\count178
\l_fp_input_b_sign_int=\count179
\l_fp_input_b_integer_int=\count180
\l_fp_input_b_decimal_int=\count181
\l_fp_input_b_exponent_int=\count182
\l_fp_input_a_extended_int=\count183
\l_fp_input_b_extended_int=\count184
\l_fp_mul_a_i_int=\count185
\l_fp_mul_a_ii_int=\count186
\l_fp_mul_a_iii_int=\count187
\l_fp_mul_a_iv_int=\count188
\l_fp_mul_a_v_int=\count189
\l_fp_mul_a_vi_int=\count190
\l_fp_mul_b_i_int=\count191
\l_fp_mul_b_ii_int=\count192
\l_fp_mul_b_iii_int=\count193
\l_fp_mul_b_iv_int=\count194
\l_fp_mul_b_v_int=\count195
\l_fp_mul_b_vi_int=\count196
Normal \count register pool exhausted, switching to extended pool.
\l_fp_mul_output_int=\count277
\l_fp_output_sign_int=\count278
\l_fp_output_integer_int=\count279
\l_fp_output_decimal_int=\count280
\l_fp_output_exponent_int=\count281
\l_fp_output_extended_int=\count282
\l_fp_round_position_int=\count283
\l_fp_round_target_int=\count284
\l_fp_split_sign_int=\count285
\l_fp_tmp_int=\count286
\l_fp_trig_octant_int=\count287
\l_fp_trig_sign_int=\count288
\l_fp_trig_decimal_int=\count289
\l_fp_trig_extended_int=\count290
\l_fp_tmp_dim=\dimen182
\l_fp_tmp_skip=\skip187
)
(/usr/local/texlive/2010/texmf-dist/tex/latex/expl3/l3luatex.sty
Package: l3luatex 2010/07/18 v1985 L3 Experimental LuaTeX functions
\g_cctab_allocate_int=\count291
\g_cctab_stack_int=\count292
)
(/usr/local/texlive/2010/texmf-dist/tex/latex/tools/calc.sty
Package: calc 2007/08/22 v4.3 Infix arithmetic (KKT,FJ)
\calc@Acount=\count293
\calc@Bcount=\count294
\calc@Adimen=\dimen183
\calc@Bdimen=\dimen184
\calc@Askip=\skip188
\calc@Bskip=\skip189
LaTeX Info: Redefining \setlength on input line 76.
LaTeX Info: Redefining \addtolength on input line 77.
\calc@Ccount=\count295
\calc@Cskip=\skip190
))
(/usr/local/texlive/2010/texmf-dist/tex/latex/xpackages/xbase/xparse.sty
Package: xparse 2011/01/23 v2136 Generic document command parser
\c_xparse_shorthands_prop=\toks44
\l_xparse_m_args_int=\count296
\l_xparse_mandatory_args_int=\count297
\l_xparse_processor_int=\count298
\l_xparse_total_args_int=\count299
)
(/usr/local/texlive/2010/texmf-dist/tex/generic/kastrup/binhex.tex)
\l_fontspec_script_int=\count300
\l_fontspec_language_int=\count301
\l_fontspec_strnum_int=\count302
Variant \tl_gset:cV already defined; not changing it on line 79

(/usr/local/texlive/2010/texmf-dist/tex/latex/xkeyval/xkeyval.sty
Package: xkeyval 2008/08/13 v2.6a package option processing (HA)

(/usr/local/texlive/2010/texmf-dist/tex/generic/xkeyval/xkeyval.tex
\XKV@toks=\toks45
\XKV@tempa@toks=\toks46
\XKV@depth=\count303
File: xkeyval.tex 2008/08/13 v2.6a key=value parser (HA)
))
(/usr/local/texlive/2010/texmf-dist/tex/latex/fontspec/fontspec-patches.sty
Package: fontspec-patches 2010/11/17 v2.1e Advanced font selection for XeLaTeX/
LuaLaTeX

(/usr/local/texlive/2010/texmf-dist/tex/latex/base/fixltx2e.sty
Package: fixltx2e 2006/09/13 v1.1m fixes to LaTeX
LaTeX Info: Redefining \em on input line 420.
LaTeX Info: Redefining \textsubscript on input line 424.
)
LaTeX Info: Redefining \em on input line 22.
LaTeX Info: Redefining \emph on input line 29.
LaTeX Info: Redefining \- on input line 32.
)
(/usr/local/texlive/2010/texmf-dist/tex/latex/base/fontenc.sty
Package: fontenc 2005/09/27 v1.99g Standard LaTeX package

(/usr/local/texlive/2010/texmf-dist/tex/latex/euenc/eu1enc.def
File: eu1enc.def 2010/05/27 v0.1h Experimental Unicode font encodings
)
LaTeX Font Info:    Try loading font information for EU1+lmr on input line 100.


(/usr/local/texlive/2010/texmf-dist/tex/latex/euenc/eu1lmr.fd
File: eu1lmr.fd 2009/10/30 v1.6 Font defs for Latin Modern
))
(/usr/local/texlive/2010/texmf-dist/tex/xelatex/xunicode/xunicode.sty
File: xunicode.sty 2010/11/06 v0.96 provides access to latin accents and many o
ther characters in Unicode lower plane
)
 LaTeX info: Defining document command \fontspec
(LaTeX)  with arg. spec. 'O{}m' on line 322.

 LaTeX info: Defining document command \setmainfont
(LaTeX)  with arg. spec. 'O{}m' on line 326.

 LaTeX info: Defining document command \setsansfont
(LaTeX)  with arg. spec. 'O{}m' on line 330.

 LaTeX info: Defining document command \setmonofont
(LaTeX)  with arg. spec. 'O{}m' on line 334.

 LaTeX info: Defining document command \setmathrm
(LaTeX)  with arg. spec. 'O{}m' on line 338.

 LaTeX info: Defining document command \setboldmathrm
(LaTeX)  with arg. spec. 'O{}m' on line 341.

 LaTeX info: Defining document command \setmathsf
(LaTeX)  with arg. spec. 'O{}m' on line 344.

 LaTeX info: Defining document command \setmathtt
(LaTeX)  with arg. spec. 'O{}m' on line 347.

 LaTeX info: Defining document command \newfontfamily
(LaTeX)  with arg. spec. 'mO{}m' on line 364.

 LaTeX info: Defining document command \newfontface
(LaTeX)  with arg. spec. 'mO{}m' on line 367.

 LaTeX info: Defining document command \defaultfontfeatures
(LaTeX)  with arg. spec. 'm' on line 370.

 LaTeX info: Defining document command \addfontfeatures
(LaTeX)  with arg. spec. 'm' on line 387.

 LaTeX info: Defining document command \newfontfeature
(LaTeX)  with arg. spec. 'mm' on line 394.

 LaTeX info: Defining document command \newAATfeature
(LaTeX)  with arg. spec. 'mmmm' on line 403.

 LaTeX info: Defining document command \newICUfeature
(LaTeX)  with arg. spec. 'mmm' on line 412.

 LaTeX info: Defining document command \aliasfontfeature
(LaTeX)  with arg. spec. 'mm' on line 414.

 LaTeX info: Defining document command \aliasfontfeatureoption
(LaTeX)  with arg. spec. 'mmm' on line 417.

 LaTeX info: Defining document command \newfontscript
(LaTeX)  with arg. spec. 'mm' on line 422.

 LaTeX info: Defining document command \newfontlanguage
(LaTeX)  with arg. spec. 'mm' on line 444.

 LaTeX info: Defining document command \DeclareFontsExtensions
(LaTeX)  with arg. spec. 'm' on line 461.

\c@fontspec_tmp_int=\count304
LaTeX Info: Redefining \itshape on input line 2071.
LaTeX Info: Redefining \slshape on input line 2075.
LaTeX Info: Redefining \scshape on input line 2079.
LaTeX Info: Redefining \upshape on input line 2083.

(/usr/local/texlive/2010/texmf-dist/tex/latex/fontspec/fontspec.cfg))
(/usr/local/texlive/2010/texmf-dist/tex/latex/xltxtra/xltxtra.sty
Package: xltxtra 2010/09/20 v0.5e Improvements for the "XeLaTeX" format

(/usr/local/texlive/2010/texmf-dist/tex/latex/realscripts/realscripts.sty
Package: realscripts 2010/09/30 v0.3 Access OpenType subscripts and superscript
s
 LaTeX info: Defining document command \fakesubscript
(LaTeX)  with arg. spec. 'm' on line 19.

 LaTeX info: Defining document command \fakesuperscript
(LaTeX)  with arg. spec. 'm' on line 22.

 LaTeX info: Redefining document command \textsubscript
(LaTeX)  with arg. spec. 's' on line 25.

 LaTeX info: Redefining document command \textsuperscript
(LaTeX)  with arg. spec. 's' on line 28.

 LaTeX info: Defining document command \realsubscript
(LaTeX)  with arg. spec. 'm' on line 45.

 LaTeX info: Defining document command \realsuperscript
(LaTeX)  with arg. spec. 'm' on line 60.

 LaTeX info: Defining document command \textsubsuperscript
(LaTeX)  with arg. spec. 'sO{l}mm' on line 137.

 LaTeX info: Defining document command \textsupersubscript
(LaTeX)  with arg. spec. 'sO{l}mm' on line 140.

\subsupersep=\dimen185
)
(/usr/local/texlive/2010/texmf-dist/tex/latex/metalogo/metalogo.sty
Package: metalogo 2010/05/29 v0.12 Extended TeX logo macros
\xl@everylogo=\toks47
\xl@@everylogo=\toks48
LaTeX Info: Redefining \TeX on input line 193.
LaTeX Info: Redefining \LaTeX on input line 202.
LaTeX Info: Redefining \LaTeXe on input line 219.
)
\xxt@tempbox=\box34
)
\g_fontspec_family_Hiragino Mincho Pro W3_int=\count305
 fontspec info: Defining font family 'HiraginoMinchoProW3(0)' for font 'Hiragin
o Mincho Pro W3' with options [].

\g_fontspec_HiraginoMinchoProW3(0)_prop=\toks49
 fontspec info: Defining shape 'normal' with NFSS spec.:
(fontspec)  <->"Hiragino Mincho Pro W3/ICU:script=latn;language=DFLT;"

 fontspec info: Defining shape 'bold' with NFSS spec.:
(fontspec)  <->"Hiragino Mincho Pro W3/B/ICU:script=latn;language=DFLT;"

 fontspec info: Could not resolve font Hiragino Mincho Pro W3/I (it probably do
esn't exist).

 fontspec info: Defining shape 'bold italic' with NFSS spec.:
(fontspec)  <->"Hiragino Mincho Pro W3/BI/ICU:script=latn;language=DFLT;"


(/usr/local/texlive/2010/texmf-dist/tex/latex/tools/indentfirst.sty
Package: indentfirst 1995/11/23 v1.03 Indent first paragraph (DPC)
)
 fontspec info: Font Osaka does not contain any OpenType `Script' information.

\g_fontspec_family_Osaka_int=\count306
 fontspec info: Defining font family 'Osaka(0)' for font 'Osaka' with options [
].

\g_fontspec_Osaka(0)_prop=\toks50
 fontspec info: Defining shape 'normal' with NFSS spec.:
(fontspec)  <->"Osaka/AAT:"

 fontspec info: Could not resolve font Osaka/B (it probably doesn't exist).

 fontspec info: Could not resolve font Osaka/I (it probably doesn't exist).

 fontspec info: Could not resolve font Osaka/BI (it probably doesn't exist).


(/usr/local/texlive/2010/texmf-dist/tex/latex/tools/hhline.sty
Package: hhline 1994/05/23 v2.03 Table rule package (DPC)
)
(/usr/local/texlive/2010/texmf-dist/tex/latex/colortbl/colortbl.sty
Package: colortbl 2001/02/13 v0.1j Color table columns (DPC)

(/usr/local/texlive/2010/texmf-dist/tex/latex/graphics/color.sty
Package: color 2005/11/14 v1.0j Standard LaTeX Color (DPC)

(/usr/local/texlive/2010/texmf-dist/tex/latex/latexconfig/color.cfg
File: color.cfg 2007/01/18 v1.5 color configuration of teTeX/TeXLive
)
Package color Info: Driver file: xetex.def on input line 130.
)
\everycr=\toks51
\minrowclearance=\skip191
)
(/usr/local/texlive/2010/texmf-dist/tex/latex/xcolor/xcolor.sty
Package: xcolor 2007/01/21 v2.11 LaTeX color extensions (UK)

(/usr/local/texlive/2010/texmf-dist/tex/latex/latexconfig/color.cfg
File: color.cfg 2007/01/18 v1.5 color configuration of teTeX/TeXLive
)
Package xcolor Info: Driver file: xetex.def on input line 225.
LaTeX Info: Redefining \color on input line 702.
\rownum=\count307
Package xcolor Info: Model `cmy' substituted by `cmy0' on input line 1337.
Package xcolor Info: Model `RGB' extended on input line 1353.
Package xcolor Info: Model `HTML' substituted by `rgb' on input line 1355.
Package xcolor Info: Model `Hsb' substituted by `hsb' on input line 1356.
Package xcolor Info: Model `tHsb' substituted by `hsb' on input line 1357.
Package xcolor Info: Model `HSB' substituted by `hsb' on input line 1358.
Package xcolor Info: Model `Gray' substituted by `gray' on input line 1359.
Package xcolor Info: Model `wave' substituted by `hsb' on input line 1360.
)
(/usr/local/texlive/2010/texmf-dist/tex/latex/hyperref/hyperref.sty
Package: hyperref 2010/12/16 v6.81z Hypertext links for LaTeX

(/usr/local/texlive/2010/texmf-dist/tex/generic/oberdiek/ltxcmds.sty
Package: ltxcmds 2010/04/26 v1.7 LaTeX kernel commands for general use (HO)
)
(/usr/local/texlive/2010/texmf-dist/tex/generic/oberdiek/pdftexcmds.sty
Package: pdftexcmds 2010/04/01 v0.9 Utility functions of pdfTeX for LuaTeX (HO)


(/usr/local/texlive/2010/texmf-dist/tex/generic/oberdiek/infwarerr.sty
Package: infwarerr 2010/04/08 v1.3 Providing info/warning/message (HO)
)
Package pdftexcmds Info: LuaTeX not detected.
Package pdftexcmds Info: pdfTeX >= 1.30 not detected.
Package pdftexcmds Info: \pdf@primitive is available.
Package pdftexcmds Info: \pdf@ifprimitive is available.
)
(/usr/local/texlive/2010/texmf-dist/tex/generic/oberdiek/kvsetkeys.sty
Package: kvsetkeys 2010/03/01 v1.9 Key value parser (HO)

(/usr/local/texlive/2010/texmf-dist/tex/generic/oberdiek/etexcmds.sty
Package: etexcmds 2010/01/28 v1.3 Prefix for e-TeX command names (HO)
Package etexcmds Info: Could not find \expanded.
(etexcmds)             That can mean that you are not using pdfTeX 1.50 or
(etexcmds)             that some package has redefined \expanded.
(etexcmds)             In the latter case, load this package earlier.
))
(/usr/local/texlive/2010/texmf-dist/tex/generic/oberdiek/pdfescape.sty
Package: pdfescape 2010/03/01 v1.9 Provides hex, PDF name and string conversion
s (HO)
)
(/usr/local/texlive/2010/texmf-dist/tex/latex/oberdiek/hycolor.sty
Package: hycolor 2009/12/12 v1.6 Color options of hyperref/bookmark (HO)

(/usr/local/texlive/2010/texmf-dist/tex/latex/oberdiek/xcolor-patch.sty
Package: xcolor-patch 2009/12/12 xcolor patch
))
(/usr/local/texlive/2010/texmf-dist/tex/latex/oberdiek/letltxmacro.sty
Package: letltxmacro 2008/06/24 v1.3 Let assignment for LaTeX macros (HO)
)
(/usr/local/texlive/2010/texmf-dist/tex/latex/oberdiek/kvoptions.sty
Package: kvoptions 2010/02/22 v3.7 Keyval support for LaTeX options (HO)
)
\@linkdim=\dimen186
\Hy@linkcounter=\count308
\Hy@pagecounter=\count309

(/usr/local/texlive/2010/texmf-dist/tex/latex/hyperref/pd1enc.def
File: pd1enc.def 2010/12/16 v6.81z Hyperref: PDFDocEncoding definition (HO)
)
(/usr/local/texlive/2010/texmf-dist/tex/generic/oberdiek/intcalc.sty
Package: intcalc 2007/09/27 v1.1 Expandable integer calculations (HO)
)
\Hy@SavedSpaceFactor=\count310

(/usr/local/texlive/2010/texmf-dist/tex/xelatex/xetexconfig/hyperref.cfg
File: hyperref.cfg 2008/07/11 v1.2 hyperref configuration for XeLaTeX
)
Package hyperref Info: Option `colorlinks' set `true' on input line 3889.
Package hyperref Info: Hyper figures OFF on input line 3993.
Package hyperref Info: Link nesting OFF on input line 3998.
Package hyperref Info: Hyper index ON on input line 4001.
Package hyperref Info: Plain pages OFF on input line 4008.
Package hyperref Info: Backreferencing OFF on input line 4013.
Package hyperref Info: Implicit mode ON; LaTeX internals redefined.
Package hyperref Info: Bookmarks ON on input line 4231.
\c@Hy@tempcnt=\count311

(/usr/local/texlive/2010/texmf-dist/tex/latex/url/url.sty
\Urlmuskip=\muskip10
Package: url 2006/04/12  ver 3.3  Verb mode for urls, etc.
)
LaTeX Info: Redefining \url on input line 4584.

(/usr/local/texlive/2010/texmf-dist/tex/generic/oberdiek/bitset.sty
Package: bitset 2007/09/28 v1.0 Data type bit set (HO)

(/usr/local/texlive/2010/texmf-dist/tex/generic/oberdiek/bigintcalc.sty
Package: bigintcalc 2007/11/11 v1.1 Expandable big integer calculations (HO)
))
\Fld@menulength=\count312
\Field@Width=\dimen187
\Fld@charsize=\dimen188
Package hyperref Info: Hyper figures OFF on input line 5668.
Package hyperref Info: Link nesting OFF on input line 5673.
Package hyperref Info: Hyper index ON on input line 5676.
Package hyperref Info: backreferencing OFF on input line 5683.
Package hyperref Info: Link coloring ON on input line 5686.
Package hyperref Info: Link coloring with OCG OFF on input line 5693.
Package hyperref Info: PDF/A mode OFF on input line 5698.
LaTeX Info: Redefining \ref on input line 5738.
LaTeX Info: Redefining \pageref on input line 5742.

(/usr/local/texlive/2010/texmf-dist/tex/generic/oberdiek/atbegshi.sty
Package: atbegshi 2010/03/25 v1.12 At begin shipout hook (HO)
)
\Hy@abspage=\count313
\c@Item=\count314
)
(/usr/local/texlive/2010/texmf-dist/tex/latex/memoir/memhfixc.sty
Package: memhfixc 2010/08/17 v1.15 nameref/hyperref package fixes for memoir cl
ass
\c@memhycontfloat=\count315
)

Package hyperref Message: Driver (autodetected): hxetex.

(/usr/local/texlive/2010/texmf-dist/tex/latex/hyperref/hxetex.def
File: hxetex.def 2010/12/16 v6.81z Hyperref driver for XeTeX

(/usr/local/texlive/2010/texmf-dist/tex/latex/hyperref/puenc.def
File: puenc.def 2010/12/16 v6.81z Hyperref: PDF Unicode definition (HO)
)
(/usr/local/texlive/2010/texmf-dist/tex/generic/oberdiek/stringenc.sty
Package: stringenc 2010/03/01 v1.8 Converts strings between encodings (HO)
)
\pdfm@box=\box35
\c@Hy@AnnotLevel=\count316
\HyField@AnnotCount=\count317
\Fld@listcount=\count318
\c@bookmark@seq@number=\count319

(/usr/local/texlive/2010/texmf-dist/tex/latex/oberdiek/rerunfilecheck.sty
Package: rerunfilecheck 2010/03/16 v1.6 Rerun checks for auxiliary files (HO)
Package rerunfilecheck Info: Feature \pdfmdfivesum is not available
(rerunfilecheck)             (e.g. pdfTeX or LuaTeX with package `pdftexcmds').

(rerunfilecheck)             Therefore file contents cannot be checked efficien
tly
(rerunfilecheck)             and the loading of the package is aborted.
)
\Hy@SectionHShift=\skip192
)
(./pnguide.aux (./part1.aux) (./part2.aux) (./part3.aux) (./part4.aux)
(./part5.aux) (./appendix.aux))
\openout1 = `pnguide.aux'.

LaTeX Font Info:    Checking defaults for OML/cmm/m/it on input line 69.
LaTeX Font Info:    ... okay on input line 69.
LaTeX Font Info:    Checking defaults for T1/cmr/m/n on input line 69.
LaTeX Font Info:    ... okay on input line 69.
LaTeX Font Info:    Checking defaults for OT1/cmr/m/n on input line 69.
LaTeX Font Info:    ... okay on input line 69.
LaTeX Font Info:    Checking defaults for OMS/cmsy/m/n on input line 69.
LaTeX Font Info:    ... okay on input line 69.
LaTeX Font Info:    Checking defaults for OMX/cmex/m/n on input line 69.
LaTeX Font Info:    ... okay on input line 69.
LaTeX Font Info:    Checking defaults for U/cmr/m/n on input line 69.
LaTeX Font Info:    ... okay on input line 69.
LaTeX Font Info:    Checking defaults for EU1/lmr/m/n on input line 69.
LaTeX Font Info:    ... okay on input line 69.
LaTeX Font Info:    Checking defaults for PD1/pdf/m/n on input line 69.
LaTeX Font Info:    ... okay on input line 69.
LaTeX Font Info:    Checking defaults for PU/pdf/m/n on input line 69.
LaTeX Font Info:    ... okay on input line 69.

*geometry* driver: auto-detecting
*geometry* detected driver: xetex
*geometry* verbose mode - [ preamble ] result:
* driver: xetex
* paper: a4paper
* layout: <same size as paper>
* layoutoffset:(h,v)=(0.0pt,0.0pt)
* modes: 
* h-part:(L,W,R)=(71.70259pt, 454.10269pt, 71.70259pt)
* v-part:(T,H,B)=(81.12634pt, 642.23096pt, 121.68954pt)
* \paperwidth=597.50787pt
* \paperheight=845.04684pt
* \textwidth=454.10269pt
* \textheight=642.23096pt
* \oddsidemargin=-0.5674pt
* \evensidemargin=-0.5674pt
* \topmargin=-21.21114pt
* \headheight=12.0pt
* \headsep=18.06749pt
* \topskip=10.0pt
* \footskip=25.29494pt
* \marginparwidth=63.0pt
* \marginparsep=7.0pt
* \columnsep=10.0pt
* \skip\footins=12.0pt plus 4.0pt minus 4.0pt
* \hoffset=0.0pt
* \voffset=0.0pt
* \mag=1000
* \@twocolumnfalse
* \@twosidefalse
* \@mparswitchfalse
* \@reversemarginfalse
* (1in=72.27pt=25.4mm, 1cm=28.453pt)

 fontspec info: Adjusting the maths setup (use [no-math] to avoid this).

\symlegacymaths=\mathgroup4
LaTeX Font Info:    Overwriting symbol font `legacymaths' in version `bold'
(Font)                  OT1/cmr/m/n --> OT1/cmr/bx/n on input line 69.
LaTeX Font Info:    Redeclaring math accent \acute on input line 69.
LaTeX Font Info:    Redeclaring math accent \grave on input line 69.
LaTeX Font Info:    Redeclaring math accent \ddot on input line 69.
LaTeX Font Info:    Redeclaring math accent \tilde on input line 69.
LaTeX Font Info:    Redeclaring math accent \bar on input line 69.
LaTeX Font Info:    Redeclaring math accent \breve on input line 69.
LaTeX Font Info:    Redeclaring math accent \check on input line 69.
LaTeX Font Info:    Redeclaring math accent \hat on input line 69.
LaTeX Font Info:    Redeclaring math accent \dot on input line 69.
LaTeX Font Info:    Redeclaring math accent \mathring on input line 69.
LaTeX Font Info:    Redeclaring math symbol \colon on input line 69.
LaTeX Font Info:    Redeclaring math symbol \Gamma on input line 69.
LaTeX Font Info:    Redeclaring math symbol \Delta on input line 69.
LaTeX Font Info:    Redeclaring math symbol \Theta on input line 69.
LaTeX Font Info:    Redeclaring math symbol \Lambda on input line 69.
LaTeX Font Info:    Redeclaring math symbol \Xi on input line 69.
LaTeX Font Info:    Redeclaring math symbol \Pi on input line 69.
LaTeX Font Info:    Redeclaring math symbol \Sigma on input line 69.
LaTeX Font Info:    Redeclaring math symbol \Upsilon on input line 69.
LaTeX Font Info:    Redeclaring math symbol \Phi on input line 69.
LaTeX Font Info:    Redeclaring math symbol \Psi on input line 69.
LaTeX Font Info:    Redeclaring math symbol \Omega on input line 69.
LaTeX Font Info:    Redeclaring math symbol \mathdollar on input line 69.
LaTeX Font Info:    Redeclaring symbol font `operators' on input line 69.
LaTeX Font Info:    Encoding `OT1' has changed to `EU1' for symbol font
(Font)              `operators' in the math version `normal' on input line 69.
LaTeX Font Info:    Overwriting symbol font `operators' in version `normal'
(Font)                  OT1/cmr/m/n --> EU1/HiraginoMinchoProW3(0)/m/n on input
 line 69.
LaTeX Font Info:    Encoding `OT1' has changed to `EU1' for symbol font
(Font)              `operators' in the math version `bold' on input line 69.
LaTeX Font Info:    Overwriting symbol font `operators' in version `bold'
(Font)                  OT1/cmr/bx/n --> EU1/HiraginoMinchoProW3(0)/m/n on inpu
t line 69.
LaTeX Font Info:    Overwriting symbol font `operators' in version `normal'
(Font)                  EU1/HiraginoMinchoProW3(0)/m/n --> EU1/HiraginoMinchoPr
oW3(0)/m/n on input line 69.
LaTeX Font Info:    Overwriting math alphabet `\mathrm' in version `normal'
(Font)                  EU1/HiraginoMinchoProW3(0)/m/n --> EU1/HiraginoMinchoPr
oW3(0)/m/n on input line 69.
LaTeX Font Info:    Overwriting math alphabet `\mathit' in version `normal'
(Font)                  OT1/cmr/m/it --> EU1/HiraginoMinchoProW3(0)/m/it on inp
ut line 69.
LaTeX Font Info:    Overwriting math alphabet `\mathbf' in version `normal'
(Font)                  OT1/cmr/bx/n --> EU1/HiraginoMinchoProW3(0)/bx/n on inp
ut line 69.
LaTeX Font Info:    Overwriting math alphabet `\mathsf' in version `normal'
(Font)                  OT1/cmss/m/n --> EU1/lmss/m/n on input line 69.
LaTeX Font Info:    Overwriting math alphabet `\mathtt' in version `normal'
(Font)                  OT1/cmtt/m/n --> EU1/Osaka(0)/m/n on input line 69.
LaTeX Font Info:    Overwriting symbol font `operators' in version `bold'
(Font)                  EU1/HiraginoMinchoProW3(0)/m/n --> EU1/HiraginoMinchoPr
oW3(0)/bx/n on input line 69.
LaTeX Font Info:    Overwriting math alphabet `\mathrm' in version `bold'
(Font)                  EU1/HiraginoMinchoProW3(0)/m/n --> EU1/HiraginoMinchoPr
oW3(0)/bx/n on input line 69.
LaTeX Font Info:    Overwriting math alphabet `\mathit' in version `bold'
(Font)                  OT1/cmr/bx/it --> EU1/HiraginoMinchoProW3(0)/bx/it on i
nput line 69.
LaTeX Font Info:    Overwriting math alphabet `\mathsf' in version `bold'
(Font)                  OT1/cmss/bx/n --> EU1/lmss/bx/n on input line 69.
LaTeX Font Info:    Overwriting math alphabet `\mathtt' in version `bold'
(Font)                  OT1/cmtt/m/n --> EU1/Osaka(0)/bx/n on input line 69.
\AtBeginShipoutBox=\box36
Package hyperref Info: Link coloring ON on input line 69.
(/usr/local/texlive/2010/texmf-dist/tex/latex/hyperref/nameref.sty
Package: nameref 2010/04/30 v2.40 Cross-referencing by name of section

(/usr/local/texlive/2010/texmf-dist/tex/latex/oberdiek/refcount.sty
Package: refcount 2008/08/11 v3.1 Data extraction from references (HO)
)
(/usr/local/texlive/2010/texmf-dist/tex/generic/oberdiek/gettitlestring.sty
Package: gettitlestring 2009/12/18 v1.3 Cleanup title references (HO)
)
\c@section@level=\count320
)
Redoing nameref's sectioning
Redoing nameref's label
LaTeX Info: Redefining \nameref on input line 69.
LaTeX Info: Redefining \ref on input line 69.
LaTeX Info: Redefining \pageref on input line 69.
LaTeX Info: Redefining \nameref on input line 69.
(./pnguide.out) (./pnguide.out)
\@outlinefile=\write5
\openout5 = `pnguide.out'.

LaTeX Font Info:    Try loading font information for EU1+lmss on input line 74.


(/usr/local/texlive/2010/texmf-dist/tex/latex/euenc/eu1lmss.fd
File: eu1lmss.fd 2009/10/30 v1.6 Font defs for Latin Modern
)

LaTeX Font Warning: Font shape `EU1/HiraginoMinchoProW3(0)/m/it' undefined
(Font)              using `EU1/HiraginoMinchoProW3(0)/m/n' instead on input lin
e 84.

LaTeX Font Info:    External font `cmex10' loaded for size
(Font)              <10.95> on input line 84.
LaTeX Font Info:    External font `cmex10' loaded for size
(Font)              <8> on input line 84.
LaTeX Font Info:    External font `cmex10' loaded for size
(Font)              <6> on input line 84.
File: pignose.pdf Graphic file (type QTm)
<use  "pignose.pdf" >
(/usr/local/texlive/2010/texmf-dist/tex/generic/oberdiek/se-ascii-print.def
File: se-ascii-print.def 2010/03/01 v1.8 stringenc: Printable ASCII characters
)
[1


]
 fontspec info: Defining font family 'HiraginoMinchoProW3(1)' for font 'Hiragin
o Mincho Pro W3' with options [,VerticalPosition=Superior].

\g_fontspec_HiraginoMinchoProW3(1)_prop=\toks52
 fontspec info: Defining shape 'normal' with NFSS spec.:
(fontspec)  <->"Hiragino Mincho Pro W3/ICU:script=latn;language=DFLT;+sups;;"

 fontspec info: Defining shape 'bold' with NFSS spec.:
(fontspec)  <->"Hiragino Mincho Pro W3/B/ICU:script=latn;language=DFLT;+sups;;"


 fontspec info: Could not resolve font Hiragino Mincho Pro W3/I (it probably do
esn't exist).

 fontspec info: Defining shape 'bold italic' with NFSS spec.:
(fontspec)  <->"Hiragino Mincho Pro W3/BI/ICU:script=latn;language=DFLT;+sups;;
"

Unknown feature `' in font `Hiragino Mincho Pro W3'.
Unknown feature `' in font `Hiragino Mincho Pro W3'.
LaTeX Font Info:    External font `cmex10' loaded for size
(Font)              <5> on input line 102.
 [2]
Missing character: There is no 目 in font [lmsans17-regular]:mapping=tex-text!
Missing character: There is no 次 in font [lmsans17-regular]:mapping=tex-text!
 (./pnguide.toc
LaTeX Font Info:    External font `cmex10' loaded for size
(Font)              <7> on input line 2.
 [3] [4]

LaTeX Font Warning: Font shape `EU1/HiraginoMinchoProW3(0)/m/sc' undefined
(Font)              using `EU1/HiraginoMinchoProW3(0)/m/n' instead on input lin
e 76.

[5]) [6]
\openout2 = `part1.aux'.

 (./part1.tex
Missing character: There is no シ in font [lmsans17-regular]:mapping=tex-text!
Missing character: There is no ス in font [lmsans17-regular]:mapping=tex-text!
Missing character: There is no テ in font [lmsans17-regular]:mapping=tex-text!
Missing character: There is no ム in font [lmsans17-regular]:mapping=tex-text!
Missing character: There is no の in font [lmsans17-regular]:mapping=tex-text!
Missing character: There is no 概 in font [lmsans17-regular]:mapping=tex-text!
Missing character: There is no 要 in font [lmsans17-regular]:mapping=tex-text!
) [1



]
\openout2 = `part2.aux'.

 (./part2.tex
Missing character: There is no イ in font [lmsans17-regular]:mapping=tex-text!
Missing character: There is no ン in font [lmsans17-regular]:mapping=tex-text!
Missing character: There is no ス in font [lmsans17-regular]:mapping=tex-text!
Missing character: There is no ト in font [lmsans17-regular]:mapping=tex-text!
Missing character: There is no ー in font [lmsans17-regular]:mapping=tex-text!
Missing character: There is no ル in font [lmsans17-regular]:mapping=tex-text!
Missing character: There is no 起 in font [lmsans17-regular]:mapping=tex-text!
Missing character: There is no 動 in font [lmsans17-regular]:mapping=tex-text!
Missing character: There is no 方 in font [lmsans17-regular]:mapping=tex-text!
Missing character: There is no 法 in font [lmsans17-regular]:mapping=tex-text!
 [2



] [3] [4] [5] [6]) [7]
\openout2 = `part3.aux'.

 (./part3.tex
Missing character: There is no 反 in font [lmsans17-regular]:mapping=tex-text!
Missing character: There is no 駁 in font [lmsans17-regular]:mapping=tex-text!
Missing character: There is no エ in font [lmsans17-regular]:mapping=tex-text!
Missing character: There is no ン in font [lmsans17-regular]:mapping=tex-text!
Missing character: There is no ジ in font [lmsans17-regular]:mapping=tex-text!
Missing character: There is no ン in font [lmsans17-regular]:mapping=tex-text!

[8



] [9] [10] [11] [12] [13] [14] [15]
LaTeX Font Info:    External font `cmex10' loaded for size
(Font)              <9> on input line 591.
 [16] [17]

LaTeX Font Warning: Font shape `EU1/Osaka(0)/bx/n' undefined
(Font)              using `EU1/Osaka(0)/m/n' instead on input line 697.

[18] [19]
Overfull \vbox (36.36607pt too high) has occurred while \output is active []


[20] [21] [22] [23] [24]
LaTeX Font Info:    Try loading font information for EU1+phv on input line 1045
.
LaTeX Font Info:    No file EU1phv.fd. on input line 1045.


LaTeX Font Warning: Font shape `EU1/phv/m/n' undefined
(Font)              using `EU1/lmr/m/n' instead on input line 1045.

Missing character: There is no が in font [lmroman9-regular]:mapping=tex-text!
Missing character: There is no 空 in font [lmroman9-regular]:mapping=tex-text!
Missing character: There is no で in font [lmroman9-regular]:mapping=tex-text!
Missing character: There is no な in font [lmroman9-regular]:mapping=tex-text!
Missing character: There is no く in font [lmroman9-regular]:mapping=tex-text!
Missing character: There is no ， in font [lmroman9-regular]:mapping=tex-text!
Missing character: There is no か in font [lmroman9-regular]:mapping=tex-text!
Missing character: There is no つ in font [lmroman9-regular]:mapping=tex-text!
Missing character: There is no 空 in font [lmroman9-regular]:mapping=tex-text!
Missing character: There is no 節 in font [lmroman9-regular]:mapping=tex-text!
Missing character: There is no が in font [lmroman9-regular]:mapping=tex-text!
Missing character: There is no 導 in font [lmroman9-regular]:mapping=tex-text!
Missing character: There is no 出 in font [lmroman9-regular]:mapping=tex-text!
Missing character: There is no さ in font [lmroman9-regular]:mapping=tex-text!
Missing character: There is no れ in font [lmroman9-regular]:mapping=tex-text!
Missing character: There is no て in font [lmroman9-regular]:mapping=tex-text!
Missing character: There is no い in font [lmroman9-regular]:mapping=tex-text!
Missing character: There is no な in font [lmroman9-regular]:mapping=tex-text!
Missing character: There is no い in font [lmroman9-regular]:mapping=tex-text!
Missing character: There is no か in font [lmroman9-regular]:mapping=tex-text!
Missing character: There is no ら in font [lmroman9-regular]:mapping=tex-text!
Missing character: There is no 節 in font [lmroman9-regular]:mapping=tex-text!
Missing character: There is no を in font [lmroman9-regular]:mapping=tex-text!
Missing character: There is no 一 in font [lmroman9-regular]:mapping=tex-text!
Missing character: There is no つ in font [lmroman9-regular]:mapping=tex-text!
Missing character: There is no 選 in font [lmroman9-regular]:mapping=tex-text!
Missing character: There is no び in font [lmroman9-regular]:mapping=tex-text!
Missing character: There is no ， in font [lmroman9-regular]:mapping=tex-text!
Missing character: There is no こ in font [lmroman9-regular]:mapping=tex-text!
Missing character: There is no れ in font [lmroman9-regular]:mapping=tex-text!
Missing character: There is no を in font [lmroman9-regular]:mapping=tex-text!
Missing character: There is no と in font [lmroman9-regular]:mapping=tex-text!
Missing character: There is no 呼 in font [lmroman9-regular]:mapping=tex-text!
Missing character: There is no ぶ in font [lmroman9-regular]:mapping=tex-text!
Missing character: There is no を in font [lmroman9-regular]:mapping=tex-text!
Missing character: There is no か in font [lmroman9-regular]:mapping=tex-text!
Missing character: There is no ら in font [lmroman9-regular]:mapping=tex-text!
Missing character: There is no に in font [lmroman9-regular]:mapping=tex-text!
Missing character: There is no 移 in font [lmroman9-regular]:mapping=tex-text!
Missing character: There is no す in font [lmroman9-regular]:mapping=tex-text!
Missing character: There is no 現 in font [lmroman9-regular]:mapping=tex-text!
Missing character: There is no 在 in font [lmroman9-regular]:mapping=tex-text!
Missing character: There is no 有 in font [lmroman9-regular]:mapping=tex-text!
Missing character: There is no 効 in font [lmroman9-regular]:mapping=tex-text!
Missing character: There is no な in font [lmroman9-regular]:mapping=tex-text!
Missing character: There is no 推 in font [lmroman9-regular]:mapping=tex-text!
Missing character: There is no 論 in font [lmroman9-regular]:mapping=tex-text!
Missing character: There is no ル in font [lmroman9-regular]:mapping=tex-text!
Missing character: There is no ー in font [lmroman9-regular]:mapping=tex-text!
Missing character: There is no ル in font [lmroman9-regular]:mapping=tex-text!
Missing character: There is no 群 in font [lmroman9-regular]:mapping=tex-text!
Missing character: There is no を in font [lmroman9-regular]:mapping=tex-text!
Missing character: There is no 用 in font [lmroman9-regular]:mapping=tex-text!
Missing character: There is no い in font [lmroman9-regular]:mapping=tex-text!
Missing character: There is no て in font [lmroman9-regular]:mapping=tex-text!
Missing character: There is no 導 in font [lmroman9-regular]:mapping=tex-text!
Missing character: There is no 出 in font [lmroman9-regular]:mapping=tex-text!
Missing character: There is no 節 in font [lmroman9-regular]:mapping=tex-text!
Missing character: There is no を in font [lmroman9-regular]:mapping=tex-text!
Missing character: There is no 生 in font [lmroman9-regular]:mapping=tex-text!
Missing character: There is no 成 in font [lmroman9-regular]:mapping=tex-text!
Missing character: There is no す in font [lmroman9-regular]:mapping=tex-text!
Missing character: There is no る in font [lmroman9-regular]:mapping=tex-text!
Missing character: There is no 新 in font [lmroman9-regular]:mapping=tex-text!
Missing character: There is no た in font [lmroman9-regular]:mapping=tex-text!
Missing character: There is no に in font [lmroman9-regular]:mapping=tex-text!
Missing character: There is no 生 in font [lmroman9-regular]:mapping=tex-text!
Missing character: There is no 成 in font [lmroman9-regular]:mapping=tex-text!
Missing character: There is no さ in font [lmroman9-regular]:mapping=tex-text!
Missing character: There is no れ in font [lmroman9-regular]:mapping=tex-text!
Missing character: There is no る in font [lmroman9-regular]:mapping=tex-text!
Missing character: There is no 節 in font [lmroman9-regular]:mapping=tex-text!
Missing character: There is no は in font [lmroman9-regular]:mapping=tex-text!
Missing character: There is no ， in font [lmroman9-regular]:mapping=tex-text!
Missing character: There is no を in font [lmroman9-regular]:mapping=tex-text!
Missing character: There is no 一 in font [lmroman9-regular]:mapping=tex-text!
Missing character: There is no 方 in font [lmroman9-regular]:mapping=tex-text!
Missing character: There is no の in font [lmroman9-regular]:mapping=tex-text!
Missing character: There is no 親 in font [lmroman9-regular]:mapping=tex-text!
Missing character: There is no と in font [lmroman9-regular]:mapping=tex-text!
Missing character: There is no し in font [lmroman9-regular]:mapping=tex-text!
Missing character: There is no て in font [lmroman9-regular]:mapping=tex-text!
Missing character: There is no 持 in font [lmroman9-regular]:mapping=tex-text!
Missing character: There is no ち in font [lmroman9-regular]:mapping=tex-text!
Missing character: There is no ， in font [lmroman9-regular]:mapping=tex-text!
Missing character: There is no 他 in font [lmroman9-regular]:mapping=tex-text!
Missing character: There is no の in font [lmroman9-regular]:mapping=tex-text!
Missing character: There is no 親 in font [lmroman9-regular]:mapping=tex-text!
Missing character: There is no は in font [lmroman9-regular]:mapping=tex-text!
Missing character: There is no に in font [lmroman9-regular]:mapping=tex-text!
Missing character: There is no 含 in font [lmroman9-regular]:mapping=tex-text!
Missing character: There is no ま in font [lmroman9-regular]:mapping=tex-text!
Missing character: There is no れ in font [lmroman9-regular]:mapping=tex-text!
Missing character: There is no る in font [lmroman9-regular]:mapping=tex-text!
Missing character: There is no 節 in font [lmroman9-regular]:mapping=tex-text!
Missing character: There is no で in font [lmroman9-regular]:mapping=tex-text!
Missing character: There is no あ in font [lmroman9-regular]:mapping=tex-text!
Missing character: There is no る in font [lmroman9-regular]:mapping=tex-text!
Missing character: There is no ． in font [lmroman9-regular]:mapping=tex-text!
Missing character: There is no 新 in font [lmroman9-regular]:mapping=tex-text!
Missing character: There is no た in font [lmroman9-regular]:mapping=tex-text!
Missing character: There is no に in font [lmroman9-regular]:mapping=tex-text!
Missing character: There is no 生 in font [lmroman9-regular]:mapping=tex-text!
Missing character: There is no 成 in font [lmroman9-regular]:mapping=tex-text!
Missing character: There is no さ in font [lmroman9-regular]:mapping=tex-text!
Missing character: There is no れ in font [lmroman9-regular]:mapping=tex-text!
Missing character: There is no た in font [lmroman9-regular]:mapping=tex-text!
Missing character: There is no 節 in font [lmroman9-regular]:mapping=tex-text!
Missing character: There is no に in font [lmroman9-regular]:mapping=tex-text!
Missing character: There is no 対 in font [lmroman9-regular]:mapping=tex-text!
Missing character: There is no し in font [lmroman9-regular]:mapping=tex-text!
Missing character: There is no て in font [lmroman9-regular]:mapping=tex-text!
Missing character: There is no ， in font [lmroman9-regular]:mapping=tex-text!
Missing character: There is no 有 in font [lmroman9-regular]:mapping=tex-text!
Missing character: There is no 用 in font [lmroman9-regular]:mapping=tex-text!
Missing character: There is no 性 in font [lmroman9-regular]:mapping=tex-text!
Missing character: There is no の in font [lmroman9-regular]:mapping=tex-text!
Missing character: There is no 検 in font [lmroman9-regular]:mapping=tex-text!
Missing character: There is no 査 in font [lmroman9-regular]:mapping=tex-text!
Missing character: There is no を in font [lmroman9-regular]:mapping=tex-text!
Missing character: There is no 行 in font [lmroman9-regular]:mapping=tex-text!
Missing character: There is no う in font [lmroman9-regular]:mapping=tex-text!
Missing character: There is no ． in font [lmroman9-regular]:mapping=tex-text!
Missing character: There is no こ in font [lmroman9-regular]:mapping=tex-text!
Missing character: There is no れ in font [lmroman9-regular]:mapping=tex-text!
Missing character: There is no を in font [lmroman9-regular]:mapping=tex-text!
Missing character: There is no パ in font [lmroman9-regular]:mapping=tex-text!
Missing character: There is no ス in font [lmroman9-regular]:mapping=tex-text!
Missing character: There is no し in font [lmroman9-regular]:mapping=tex-text!
Missing character: There is no た in font [lmroman9-regular]:mapping=tex-text!
Missing character: There is no 節 in font [lmroman9-regular]:mapping=tex-text!
Missing character: There is no は in font [lmroman9-regular]:mapping=tex-text!
Missing character: There is no へ in font [lmroman9-regular]:mapping=tex-text!
Missing character: There is no 加 in font [lmroman9-regular]:mapping=tex-text!
Missing character: There is no え in font [lmroman9-regular]:mapping=tex-text!
Missing character: There is no ， in font [lmroman9-regular]:mapping=tex-text!
Missing character: There is no そ in font [lmroman9-regular]:mapping=tex-text!
Missing character: There is no う in font [lmroman9-regular]:mapping=tex-text!
Missing character: There is no で in font [lmroman9-regular]:mapping=tex-text!
Missing character: There is no な in font [lmroman9-regular]:mapping=tex-text!
Missing character: There is no い in font [lmroman9-regular]:mapping=tex-text!
Missing character: There is no 節 in font [lmroman9-regular]:mapping=tex-text!
Missing character: There is no は in font [lmroman9-regular]:mapping=tex-text!
Missing character: There is no 捨 in font [lmroman9-regular]:mapping=tex-text!
Missing character: There is no て in font [lmroman9-regular]:mapping=tex-text!
Missing character: There is no る in font [lmroman9-regular]:mapping=tex-text!
Missing character: There is no ． in font [lmroman9-regular]:mapping=tex-text!
[25] [26] [27] [28] [29] [30] [31] [32] [33] [34] [35]
Overfull \hbox (13.85579pt too wide) in paragraph at lines 1733--1766
[][] 
 []

[36] [37] [38] [39] [40]

LaTeX Font Warning: Font shape `EU1/HiraginoMinchoProW3(0)/bx/sc' undefined
(Font)              using `EU1/HiraginoMinchoProW3(0)/bx/n' instead on input li
ne 2020.

[41] [42] [43]) [44]
\openout2 = `part4.aux'.

 (./part4.tex
Missing character: There is no 詳 in font [lmsans17-regular]:mapping=tex-text!
Missing character: There is no 細 in font [lmsans17-regular]:mapping=tex-text!
Missing character: There is no 化 in font [lmsans17-regular]:mapping=tex-text!
Missing character: There is no 検 in font [lmsans17-regular]:mapping=tex-text!
Missing character: There is no 証 in font [lmsans17-regular]:mapping=tex-text!
 [45



] [46] [47] [48] [49] [50] [51]) [52]
[53]
\openout2 = `part5.aux'.

 (./part5.tex
Missing character: There is no モ in font [lmsans17-regular]:mapping=tex-text!
Missing character: There is no デ in font [lmsans17-regular]:mapping=tex-text!
Missing character: There is no ル in font [lmsans17-regular]:mapping=tex-text!
Missing character: There is no 検 in font [lmsans17-regular]:mapping=tex-text!
Missing character: There is no 査 in font [lmsans17-regular]:mapping=tex-text!
Missing character: There is no シ in font [lmsans17-regular]:mapping=tex-text!
Missing character: There is no ス in font [lmsans17-regular]:mapping=tex-text!
Missing character: There is no テ in font [lmsans17-regular]:mapping=tex-text!
Missing character: There is no ム in font [lmsans17-regular]:mapping=tex-text!
 [54



] [55] [56] [57] [58] [59] [60]
Overfull \vbox (51.766pt too high) has occurred while \output is active []


[61]) [62]
\openout2 = `appendix.aux'.

 (./appendix.tex
Missing character: There is no 導 in font [lmsans17-regular]:mapping=tex-text!
Missing character: There is no 出 in font [lmsans17-regular]:mapping=tex-text!
Missing character: There is no 原 in font [lmsans17-regular]:mapping=tex-text!
Missing character: There is no 理 in font [lmsans17-regular]:mapping=tex-text!
 [63



]
Missing character: There is no 反 in font [lmsans17-regular]:mapping=tex-text!
Missing character: There is no 駁 in font [lmsans17-regular]:mapping=tex-text!
Missing character: There is no エ in font [lmsans17-regular]:mapping=tex-text!
Missing character: There is no ン in font [lmsans17-regular]:mapping=tex-text!
Missing character: There is no ジ in font [lmsans17-regular]:mapping=tex-text!
Missing character: There is no ン in font [lmsans17-regular]:mapping=tex-text!
Missing character: There is no の in font [lmsans17-regular]:mapping=tex-text!
Missing character: There is no 動 in font [lmsans17-regular]:mapping=tex-text!
Missing character: There is no 作 in font [lmsans17-regular]:mapping=tex-text!
Missing character: There is no の in font [lmsans17-regular]:mapping=tex-text!
Missing character: There is no 詳 in font [lmsans17-regular]:mapping=tex-text!
Missing character: There is no 細 in font [lmsans17-regular]:mapping=tex-text!
 [64

] [65] [66] [67] [68] [69] [70]
Missing character: There is no 推 in font [lmsans17-regular]:mapping=tex-text!
Missing character: There is no 論 in font [lmsans17-regular]:mapping=tex-text!
Missing character: There is no ル in font [lmsans17-regular]:mapping=tex-text!
Missing character: There is no ー in font [lmsans17-regular]:mapping=tex-text!
Missing character: There is no ル in font [lmsans17-regular]:mapping=tex-text!
Missing character: There is no 概 in font [lmsans17-regular]:mapping=tex-text!
Missing character: There is no 説 in font [lmsans17-regular]:mapping=tex-text!
Missing character: There is no は in font cmmi10!
Missing character: There is no と in font cmmi10!
Missing character: There is no の in font cmmi10!
 [71

]
[72]

LaTeX Font Warning: Font shape `EU1/HiraginoMinchoProW3(0)/m/sl' undefined
(Font)              using `EU1/HiraginoMinchoProW3(0)/m/n' instead on input lin
e 618.

[73]
File: hyper-res.pdf Graphic file (type QTm)
 <use  "hyper-res.pdf" > [74]
Missing character: There is no は in font cmmi10!
Missing character: There is no と in font cmmi10!
Missing character: There is no の in font cmmi10!
 [75]) [76] [77

]
Missing character: There is no 参 in font [lmsans17-regular]:mapping=tex-text!
Missing character: There is no 考 in font [lmsans17-regular]:mapping=tex-text!
Missing character: There is no 文 in font [lmsans17-regular]:mapping=tex-text!
Missing character: There is no 献 in font [lmsans17-regular]:mapping=tex-text!

bibitemlist
[78

]
\tf@toc=\write6
\openout6 = `pnguide.toc'.

 (./pnguide.aux (./part1.aux) (./part2.aux) (./part3.aux) (./part4.aux)
(./part5.aux) (./appendix.aux))

LaTeX Font Warning: Some font shapes were not available, defaults substituted.

 ) 
Here is how much of TeX's memory you used:
 20386 strings out of 494522
 326711 string characters out of 3156643
 485969 words of memory out of 3000000
 23321 multiletter control sequences out of 15000+200000
 7571 words of font info for 61 fonts, out of 3000000 for 9000
 670 hyphenation exceptions out of 8191
 43i,15n,77p,536b,564s stack positions out of 5000i,500n,10000p,200000b,50000s

Output written on pnguide.pdf (84 pages).
