\BOOKMARK [0][-]{section*.3}{Contents}{}% 1
\BOOKMARK [0][-]{chapter*.4}{Introduction}{}% 2
\BOOKMARK [1][-]{section*.5}{Legends}{chapter*.4}% 3
\BOOKMARK [0][-]{chapter.1}{Dialogue\040with\040the\040System}{}% 4
\BOOKMARK [1][-]{section.1.1}{Hello,\040Goodbye}{chapter.1}% 5
\BOOKMARK [2][-]{subsection.1.1.1}{Starting\040Up}{section.1.1}% 6
\BOOKMARK [2][-]{subsection.1.1.2}{Quitting\040the\040System}{section.1.1}% 7
\BOOKMARK [2][-]{subsection.1.1.3}{Emergency — Resumption and Bug Reports}{section.1.1}% 8
\BOOKMARK [1][-]{section.1.2}{Files\040and\040Libraries}{chapter.1}% 9
\BOOKMARK [2][-]{subsection.1.2.1}{Reading\040Files}{section.1.2}% 10
\BOOKMARK [2][-]{subsection.1.2.2}{Saving\040and\040Restoring}{section.1.2}% 11
\BOOKMARK [2][-]{subsection.1.2.3}{Initialisations\040and\040Options}{section.1.2}% 12
\BOOKMARK [2][-]{subsection.1.2.4}{Batch\040CafeOBJ}{section.1.2}% 13
\BOOKMARK [2][-]{subsection.1.2.5}{Module\040Libraries}{section.1.2}% 14
\BOOKMARK [2][-]{subsection.1.2.6}{Requiring\040and\040Providing}{section.1.2}% 15
\BOOKMARK [1][-]{section.1.3}{Some\040Helpful\040Commands}{chapter.1}% 16
\BOOKMARK [2][-]{subsection.1.3.1}{Help\040Command\040and\040Top-level\040Commands}{section.1.3}% 17
\BOOKMARK [2][-]{subsection.1.3.2}{Switch-Toggling\040Command}{section.1.3}% 18
\BOOKMARK [2][-]{subsection.1.3.3}{Inspection\040Commands}{section.1.3}% 19
\BOOKMARK [0][-]{chapter.2}{Module\040Declaration}{}% 20
\BOOKMARK [1][-]{section.2.1}{Overall\040Structure}{chapter.2}% 21
\BOOKMARK [1][-]{section.2.2}{Blocks\040in\040a\040Module}{chapter.2}% 22
\BOOKMARK [1][-]{section.2.3}{Tight\040Modules,\040Loose\040Modules}{chapter.2}% 23
\BOOKMARK [1][-]{section.2.4}{Comment}{chapter.2}% 24
\BOOKMARK [1][-]{section.2.5}{Import\040Declaration}{chapter.2}% 25
\BOOKMARK [0][-]{chapter.3}{Signature}{}% 26
\BOOKMARK [1][-]{section.3.1}{Sort\040Declaration}{chapter.3}% 27
\BOOKMARK [2][-]{subsection.3.1.1}{Sort\040Declaration}{section.3.1}% 28
\BOOKMARK [2][-]{subsection.3.1.2}{Subsort\040Declaration}{section.3.1}% 29
\BOOKMARK [1][-]{section.3.2}{Operator\040Declaration}{chapter.3}% 30
\BOOKMARK [2][-]{subsection.3.2.1}{Operator\040Declaration}{section.3.2}% 31
\BOOKMARK [2][-]{subsection.3.2.2}{Behavioural\040Operator\040Declaration}{section.3.2}% 32
\BOOKMARK [2][-]{subsection.3.2.3}{Predicate\040Declaration}{section.3.2}% 33
\BOOKMARK [1][-]{section.3.3}{Terms}{chapter.3}% 34
\BOOKMARK [2][-]{subsection.3.3.1}{Well-formed\040Terms}{section.3.3}% 35
\BOOKMARK [2][-]{subsection.3.3.2}{Parsing\040Terms}{section.3.3}% 36
\BOOKMARK [2][-]{subsection.3.3.3}{Qualifying\040Terms}{section.3.3}% 37
\BOOKMARK [1][-]{section.3.4}{Record\040Declaration}{chapter.3}% 38
\BOOKMARK [2][-]{subsection.3.4.1}{Plain\040Record\040Declaration}{section.3.4}% 39
\BOOKMARK [2][-]{subsection.3.4.2}{Inheriting\040Records}{section.3.4}% 40
\BOOKMARK [0][-]{chapter.4}{Axioms}{}% 41
\BOOKMARK [1][-]{section.4.1}{Variable\040Declaration}{chapter.4}% 42
\BOOKMARK [1][-]{section.4.2}{Equation\040Declaration}{chapter.4}% 43
\BOOKMARK [2][-]{subsection.4.2.1}{Unconditional\040Equation\040Declaration}{section.4.2}% 44
\BOOKMARK [2][-]{subsection.4.2.2}{Conditional\040Equation\040Declaration}{section.4.2}% 45
\BOOKMARK [2][-]{subsection.4.2.3}{Behavioural\040Equation\040Declaration}{section.4.2}% 46
\BOOKMARK [1][-]{section.4.3}{Transition\040Declaration}{chapter.4}% 47
\BOOKMARK [1][-]{section.4.4}{Internalising\040Axioms}{chapter.4}% 48
\BOOKMARK [2][-]{subsection.4.4.1}{Equality\040Predicate}{section.4.4}% 49
\BOOKMARK [2][-]{subsection.4.4.2}{Transition\040Predicate}{section.4.4}% 50
\BOOKMARK [2][-]{subsection.4.4.3}{Behavioural\040Equivalence\040Predicate}{section.4.4}% 51
\BOOKMARK [2][-]{subsection.4.4.4}{Sort\040Predicate}{section.4.4}% 52
\BOOKMARK [0][-]{chapter.5}{Inspecting\040Modules}{}% 53
\BOOKMARK [1][-]{section.5.1}{Using\040Inspection\040Commands}{chapter.5}% 54
\BOOKMARK [2][-]{subsection.5.1.1}{Printing\040Whole\040Modules}{section.5.1}% 55
\BOOKMARK [2][-]{subsection.5.1.2}{Print\040Part\040of\040Modules}{section.5.1}% 56
\BOOKMARK [2][-]{subsection.5.1.3}{Deep\040Inspection}{section.5.1}% 57
\BOOKMARK [2][-]{subsection.5.1.4}{Inspecting\040Records}{section.5.1}% 58
\BOOKMARK [1][-]{section.5.2}{Some\040Typical\040Modules}{chapter.5}% 59
\BOOKMARK [2][-]{subsection.5.2.1}{Unique\040Models}{section.5.2}% 60
\BOOKMARK [2][-]{subsection.5.2.2}{Inspecting\040Transition\040Axioms}{section.5.2}% 61
\BOOKMARK [2][-]{subsection.5.2.3}{Non-isomorphic\040Models}{section.5.2}% 62
\BOOKMARK [2][-]{subsection.5.2.4}{Inspecting\040Hidden\040Sorts}{section.5.2}% 63
\BOOKMARK [0][-]{chapter.6}{Evaluating\040Terms}{}% 64
\BOOKMARK [1][-]{section.6.1}{Term\040Rewriting\040System}{chapter.6}% 65
\BOOKMARK [2][-]{subsection.6.1.1}{What\040is\040a\040TRS}{section.6.1}% 66
\BOOKMARK [2][-]{subsection.6.1.2}{How\040a\040Module\040Defines\040a\040TRS}{section.6.1}% 67
\BOOKMARK [1][-]{section.6.2}{Do\040the\040Evaluation}{chapter.6}% 68
\BOOKMARK [2][-]{subsection.6.2.1}{Evaluation\040Commands}{section.6.2}% 69
\BOOKMARK [2][-]{subsection.6.2.2}{Replacing\040Equals\040by\040Equals}{section.6.2}% 70
\BOOKMARK [2][-]{subsection.6.2.3}{Equations\040and\040Transitions}{section.6.2}% 71
\BOOKMARK [2][-]{subsection.6.2.4}{Using\040Behavioural\040Equations}{section.6.2}% 72
\BOOKMARK [2][-]{subsection.6.2.5}{Evaluation\040Traces}{section.6.2}% 73
\BOOKMARK [2][-]{subsection.6.2.6}{Examples\040of\040Conditionals}{section.6.2}% 74
\BOOKMARK [1][-]{section.6.3}{Stepper}{chapter.6}% 75
\BOOKMARK [2][-]{subsection.6.3.1}{Step\040Mode}{section.6.3}% 76
\BOOKMARK [2][-]{subsection.6.3.2}{Evaluation\040Under\040the\040Step\040Mode}{section.6.3}% 77
\BOOKMARK [2][-]{subsection.6.3.3}{Controlled\040Reduction,\040by\040Patterns}{section.6.3}% 78
\BOOKMARK [2][-]{subsection.6.3.4}{Controlled\040Reduction,\040by\040Number\040of\040Steps}{section.6.3}% 79
\BOOKMARK [1][-]{section.6.4}{Faster\040Evaluation}{chapter.6}% 80
\BOOKMARK [1][-]{section.6.5}{Context\040Variable}{chapter.6}% 81
\BOOKMARK [1][-]{section.6.6}{Flexible\040Typing\040and\040Error\040Handling}{chapter.6}% 82
\BOOKMARK [2][-]{subsection.6.6.1}{Factorial\040of\040Rationals\040\(!?\)}{section.6.6}% 83
\BOOKMARK [2][-]{subsection.6.6.2}{Stacks}{section.6.6}% 84
\BOOKMARK [2][-]{subsection.6.6.3}{Handling\040Errors\040as\040Errors}{section.6.6}% 85
\BOOKMARK [0][-]{chapter.7}{Operator\040Attributes}{}% 86
\BOOKMARK [1][-]{section.7.1}{Equational\040Theory\040Attribute}{chapter.7}% 87
\BOOKMARK [2][-]{subsection.7.1.1}{Associativity}{section.7.1}% 88
\BOOKMARK [2][-]{subsection.7.1.2}{Commutativity}{section.7.1}% 89
\BOOKMARK [2][-]{subsection.7.1.3}{Identity}{section.7.1}% 90
\BOOKMARK [2][-]{subsection.7.1.4}{Idempotency}{section.7.1}% 91
\BOOKMARK [2][-]{subsection.7.1.5}{Inheriting\040Equational\040Theory\040Attributes}{section.7.1}% 92
\BOOKMARK [1][-]{section.7.2}{Parsing\040Attribute}{chapter.7}% 93
\BOOKMARK [2][-]{subsection.7.2.1}{Precedence}{section.7.2}% 94
\BOOKMARK [2][-]{subsection.7.2.2}{Left/Right\040Associativity}{section.7.2}% 95
\BOOKMARK [1][-]{section.7.3}{Constructor\040Attribute}{chapter.7}% 96
\BOOKMARK [1][-]{section.7.4}{Evaluation\040Strategy}{chapter.7}% 97
\BOOKMARK [2][-]{subsection.7.4.1}{E-Strategy\040Attribute}{section.7.4}% 98
\BOOKMARK [2][-]{subsection.7.4.2}{Default\040Strategy}{section.7.4}% 99
\BOOKMARK [2][-]{subsection.7.4.3}{Lazy\040Evaluation}{section.7.4}% 100
\BOOKMARK [2][-]{subsection.7.4.4}{Interpreting\040E-Strategies}{section.7.4}% 101
\BOOKMARK [1][-]{section.7.5}{Memo}{chapter.7}% 102
\BOOKMARK [2][-]{subsection.7.5.1}{Coherence}{section.7.5}% 103
\BOOKMARK [1][-]{section.7.6}{Operator\040Attributes\040and\040Evaluations}{chapter.7}% 104
\BOOKMARK [1][-]{section.7.7}{Further\040Example:\040Propositional\040Calculus}{chapter.7}% 105
\BOOKMARK [1][-]{section.7.8}{Limitation\040of\040the\040Implementation}{chapter.7}% 106
\BOOKMARK [0][-]{chapter.8}{Module\040Structure}{}% 107
\BOOKMARK [1][-]{section.8.1}{Names\040and\040Contexts}{chapter.8}% 108
\BOOKMARK [2][-]{subsection.8.1.1}{Context\040and\040Current\040Module}{section.8.1}% 109
\BOOKMARK [2][-]{subsection.8.1.2}{Module\040Sharing}{section.8.1}% 110
\BOOKMARK [2][-]{subsection.8.1.3}{Qualifying\040Names}{section.8.1}% 111
\BOOKMARK [2][-]{subsection.8.1.4}{Referring\040to\040Operators}{section.8.1}% 112
\BOOKMARK [1][-]{section.8.2}{Parameters\040and\040Views}{chapter.8}% 113
\BOOKMARK [2][-]{subsection.8.2.1}{Parameterised\040Module}{section.8.2}% 114
\BOOKMARK [2][-]{subsection.8.2.2}{Pre-view\040\(Not\040Preview\)}{section.8.2}% 115
\BOOKMARK [2][-]{subsection.8.2.3}{View}{section.8.2}% 116
\BOOKMARK [2][-]{subsection.8.2.4}{Views\040Galore}{section.8.2}% 117
\BOOKMARK [2][-]{subsection.8.2.5}{Not\040Quite\040a\040View}{section.8.2}% 118
\BOOKMARK [2][-]{subsection.8.2.6}{Succinct\040Views}{section.8.2}% 119
\BOOKMARK [1][-]{section.8.3}{Binding\040Parameters}{chapter.8}% 120
\BOOKMARK [2][-]{subsection.8.3.1}{Instantiation\040of\040Parameterised\040Modules}{section.8.3}% 121
\BOOKMARK [2][-]{subsection.8.3.2}{Parameters\040as\040Imports}{section.8.3}% 122
\BOOKMARK [2][-]{subsection.8.3.3}{Parameter\040Passing}{section.8.3}% 123
\BOOKMARK [2][-]{subsection.8.3.4}{Parameters\040with\040Parameters}{section.8.3}% 124
\BOOKMARK [2][-]{subsection.8.3.5}{Qualifying\040Parameter\040Names}{section.8.3}% 125
\BOOKMARK [1][-]{section.8.4}{Module\040Expression}{chapter.8}% 126
\BOOKMARK [2][-]{subsection.8.4.1}{Module\040Name}{section.8.4}% 127
\BOOKMARK [2][-]{subsection.8.4.2}{Renaming}{section.8.4}% 128
\BOOKMARK [2][-]{subsection.8.4.3}{Module\040Sum}{section.8.4}% 129
\BOOKMARK [2][-]{subsection.8.4.4}{Making\040Modules}{section.8.4}% 130
\BOOKMARK [0][-]{chapter.9}{Theorem-Proving\040Tools}{}% 131
\BOOKMARK [1][-]{section.9.1}{Open/Closing\040Modules}{chapter.9}% 132
\BOOKMARK [2][-]{subsection.9.1.1}{Why\040Opening\040Modules?}{section.9.1}% 133
\BOOKMARK [2][-]{subsection.9.1.2}{Constant\040On\040the\040Fly}{section.9.1}% 134
\BOOKMARK [1][-]{section.9.2}{Applying\040Rewrite\040Rules}{chapter.9}% 135
\BOOKMARK [2][-]{subsection.9.2.1}{Start,\040Then\040Apply}{section.9.2}% 136
\BOOKMARK [2][-]{subsection.9.2.2}{Applying\040Apply\040Command}{section.9.2}% 137
\BOOKMARK [2][-]{subsection.9.2.3}{Choosing\040Subterms}{section.9.2}% 138
\BOOKMARK [2][-]{subsection.9.2.4}{Identifying\040Rewrite\040Rules}{section.9.2}% 139
\BOOKMARK [2][-]{subsection.9.2.5}{Appyling\040Conditionals}{section.9.2}% 140
\BOOKMARK [1][-]{section.9.3}{Matching\040Terms}{chapter.9}% 141
\BOOKMARK [2][-]{subsection.9.3.1}{Match\040Command}{section.9.3}% 142
\BOOKMARK [2][-]{subsection.9.3.2}{Matching\040Terms\040to\040Terms}{section.9.3}% 143
\BOOKMARK [2][-]{subsection.9.3.3}{Matching\040Terms\040to\040Pattern}{section.9.3}% 144
\BOOKMARK [0][-]{chapter.10}{Proving\040Module\040Properties}{}% 145
\BOOKMARK [1][-]{section.10.1}{Check\040Command}{chapter.10}% 146
\BOOKMARK [1][-]{section.10.2}{Theorem\040Proving\040Techniques}{chapter.10}% 147
\BOOKMARK [2][-]{subsection.10.2.1}{Structural\040Induction}{section.10.2}% 148
\BOOKMARK [2][-]{subsection.10.2.2}{Nondeterministic\040Transitions}{section.10.2}% 149
\BOOKMARK [2][-]{subsection.10.2.3}{Systematic\040Search\040for\040Transition\040Relations}{section.10.2}% 150
\BOOKMARK [2][-]{subsection.10.2.4}{Behavioural\040Equivalence}{section.10.2}% 151
\BOOKMARK [2][-]{subsection.10.2.5}{Behavioural\040Transition}{section.10.2}% 152
\BOOKMARK [0][-]{chapter.11}{Built-in\040Modules}{}% 153
\BOOKMARK [0][-]{appendix.A}{Summary\040of\040CafeOBJ\040\040syntax}{}% 154
\BOOKMARK [1][-]{section.A.1}{Lexical\040Analysis}{appendix.A}% 155
\BOOKMARK [2][-]{subsection.A.1.1}{Reserved\040Words}{section.A.1}% 156
\BOOKMARK [2][-]{subsection.A.1.2}{Self-Terminating\040Characters}{section.A.1}% 157
\BOOKMARK [2][-]{subsection.A.1.3}{Identifiers}{section.A.1}% 158
\BOOKMARK [2][-]{subsection.A.1.4}{Operator\040Symbols}{section.A.1}% 159
\BOOKMARK [2][-]{subsection.A.1.5}{Comments}{section.A.1}% 160
\BOOKMARK [1][-]{section.A.2}{CafeOBJ\040\040Syntax}{appendix.A}% 161
\BOOKMARK [2][-]{subsection.A.2.1}{CafeOBJ\040Codes}{section.A.2}% 162
\BOOKMARK [2][-]{subsection.A.2.2}{Modules}{section.A.2}% 163
\BOOKMARK [2][-]{subsection.A.2.3}{Module\040Expression}{section.A.2}% 164
\BOOKMARK [2][-]{subsection.A.2.4}{Views}{section.A.2}% 165
\BOOKMARK [2][-]{subsection.A.2.5}{Evaluation\040Commands}{section.A.2}% 166
\BOOKMARK [2][-]{subsection.A.2.6}{Terms}{section.A.2}% 167
\BOOKMARK [2][-]{subsection.A.2.7}{Sugars\040and\040Abbreviations}{section.A.2}% 168
\BOOKMARK [0][-]{appendix.B}{Command\040Summary}{}% 169
\BOOKMARK [0][-]{section*.28}{Bibliography}{}% 170
\BOOKMARK [0][-]{section*.29}{Index}{}% 171
\BOOKMARK [0][-]{Analphabetics-idx.0}{Keywords/Commands}{}% 172
\BOOKMARK [0][-]{A-idx.0}{A}{}% 173
\BOOKMARK [0][-]{B-idx.0}{B}{}% 174
\BOOKMARK [0][-]{C-idx.0}{C}{}% 175
\BOOKMARK [0][-]{D-idx.0}{D}{}% 176
\BOOKMARK [0][-]{E-idx.0}{E}{}% 177
\BOOKMARK [0][-]{G-idx.0}{G}{}% 178
\BOOKMARK [0][-]{H-idx.0}{H}{}% 179
\BOOKMARK [0][-]{I-idx.0}{I}{}% 180
\BOOKMARK [0][-]{K-idx.0}{K}{}% 181
\BOOKMARK [0][-]{L-idx.0}{L}{}% 182
\BOOKMARK [0][-]{M-idx.0}{M}{}% 183
\BOOKMARK [0][-]{N-idx.0}{N}{}% 184
\BOOKMARK [0][-]{O-idx.0}{O}{}% 185
\BOOKMARK [0][-]{P-idx.0}{P}{}% 186
\BOOKMARK [0][-]{Q-idx.0}{Q}{}% 187
\BOOKMARK [0][-]{R-idx.0}{R}{}% 188
\BOOKMARK [0][-]{S-idx.0}{S}{}% 189
\BOOKMARK [0][-]{T-idx.0}{T}{}% 190
\BOOKMARK [0][-]{U-idx.0}{U}{}% 191
\BOOKMARK [0][-]{V-idx.0}{V}{}% 192
\BOOKMARK [0][-]{W-idx.0}{W}{}% 193
