This is pTeX, Version 3.141592-p3.1.10 (sjis) (Web2C 7.5.4) (format=platex-sjis 2006.11.11)  14 AUG 2008 20:20
**pnguide.dvi
(./pnguide.dvi
pLaTeX2e <2006/01/04>+0 (based on LaTeX2e <2005/12/01> patch level 0)

! LaTeX Error: Missing \begin{document}.

See the LaTeX manual or LaTeX Companion for explanation.
Type  H <return>  for immediate help.
 ...                                              
                                                  
l.1 ÷^
      ^B^^Aƒ’À^^\;^^@^^@^^@^^@^^Cè^^[ TeX output 2003.12.16:0315‹^^@^^@^^@^^...

? 
! Emergency stop.
 ...                                              
                                                  
l.1 ÷^
      ^B^^Aƒ’À^^\;^^@^^@^^@^^@^^Cè^^[ TeX output 2003.12.16:0315‹^^@^^@^^@^^...

You're in trouble here.  Try typing  <return>  to proceed.
If that doesn't work, type  X <return>  to quit.

 
Here is how much of TeX's memory you used:
 5 strings out of 94677
 175 string characters out of 1176936
 49320 words of memory out of 1000000
 3394 multiletter control sequences out of 10000+50000
 7511 words of font info for 31 fonts, out of 500000 for 2000
 566 hyphenation exceptions out of 1000
 5i,0n,4p,111b,14s stack positions out of 1500i,500n,5000p,200000b,5000s
No pages of output.
